2026-02-27 21:22:45 === Start ===
2026-02-27 21:22:45 [Env] Loaded from .env: PIN_PASSWORD
2026-02-27 21:22:45 [bot_engine] Failed to load template buttons_template/SoliderBackButton.png: Khong tim thay anh: buttons_template/SoliderBackButton.png
2026-02-27 21:22:45 WindowCapture: client size = 2400x1600, screen offset = (1122, 170)
2026-02-27 21:22:45 Vision scale: 1.0 (window 2400x1600)
2026-02-27 21:22:45 Global hotkey: {'l': 'PinLoggin', 'b': 'FightBoomer', 't': 'ClickTreasure', 'c': 'CollectExplorationReward', 's': 'SoliderTrain', 'h': 'HelpAlliance', 'm': 'CheckMail'} | Press same key to stop | Ctrl+Esc = quit
2026-02-27 21:22:45 Function priorities: {'PinLoggin': 1, 'FightBoomer': 2, 'ClickTreasure': 4, 'CollectExplorationReward': 98, 'SoliderTrain': 99, 'HelpAlliance': 100, 'CheckMail': 50}
2026-02-27 21:22:45 Function enabled: {'PinLoggin': True, 'FightBoomer': True, 'ClickTreasure': True, 'CollectExplorationReward': True, 'SoliderTrain': True, 'HelpAlliance': True, 'CheckMail': True}
2026-02-27 21:22:45 Auto cron: [('PinLoggin', '*/30 * * * *'), ('CollectExplorationReward', '0 */8 * * *'), ('SoliderTrain', '0 */6 * * *'), ('HelpAlliance', '*/15 * * * *'), ('CheckMail', '0 */5 * * *')]
2026-02-27 21:22:45 Cron next run: PinLoggin at 2026-02-27 21:30:00
2026-02-27 21:22:45 Cron next run: CollectExplorationReward at 2026-02-28 00:00:00
2026-02-27 21:22:45 Cron next run: SoliderTrain at 2026-02-28 00:00:00
2026-02-27 21:22:45 Cron next run: HelpAlliance at 2026-02-27 21:30:00
2026-02-27 21:22:45 Cron next run: CheckMail at 2026-02-28 00:00:00
2026-02-27 21:22:48 [Runner] Started function: PinLoggin
2026-02-27 21:22:49 [Runner] match_count buttons_template/PasswordSlot.png: found 6 >= 6 — true
2026-02-27 21:22:50 [Runner] match_click buttons_template/PasswordSlot.png (count 1)
2026-02-27 21:22:51 [Runner] type_text: typed 6 chars
2026-02-27 21:22:52 [Runner] match_click buttons_template/ConfirmButton.png (count 1)
2026-02-27 21:23:01 === End ===
2026-02-27 21:23:01 Done.
