2026-02-28 11:35:46 === Start ===
2026-02-28 11:35:46 [Env] Loaded from .env: PIN_PASSWORD
2026-02-28 11:35:46 WindowCapture: client size = 2400x1600, screen offset = (1212, 194)
2026-02-28 11:35:46 Vision scale: 1.0 (window 2400x1600)
2026-02-28 11:35:46 Global hotkey: {'l': 'PinLoggin', 'b': 'FightBoomer', 't': 'ClickTreasure', 'c': 'CollectExplorationReward', 's': 'SoliderTrain', 'h': 'HelpAlliance', 'm': 'CheckMail', 'd': 'DonateAllianceTech'} | Press same key to stop | Ctrl+Esc = quit
2026-02-28 11:35:46 Function priorities: {'PinLoggin': 1, 'FightBoomer': 2, 'ClickTreasure': 4, 'CollectExplorationReward': 98, 'SoliderTrain': 99, 'HelpAlliance': 100, 'CheckMail': 50, 'DonateAllianceTech': 60}
2026-02-28 11:35:46 Function enabled: {'PinLoggin': True, 'FightBoomer': True, 'ClickTreasure': True, 'CollectExplorationReward': True, 'SoliderTrain': True, 'HelpAlliance': True, 'CheckMail': True, 'DonateAllianceTech': True}
2026-02-28 11:35:46 Auto cron: [('PinLoggin', '*/30 * * * *'), ('FightBoomer', '*/2 * * * *'), ('CollectExplorationReward', '0 */8 * * *'), ('SoliderTrain', '0 */6 * * *'), ('HelpAlliance', '*/2 * * * *'), ('CheckMail', '0 */5 * * *')]
2026-02-28 11:35:46 Cron next run: FightBoomer at 2026-02-28 11:36:00
2026-02-28 11:35:46 Cron next run: HelpAlliance at 2026-02-28 11:36:00
2026-02-28 11:35:46 Cron next run: PinLoggin at 2026-02-28 12:00:00
2026-02-28 11:35:46 Cron next run: SoliderTrain at 2026-02-28 12:00:00
2026-02-28 11:35:46 Cron next run: CheckMail at 2026-02-28 15:00:00
2026-02-28 11:35:46 Cron next run: CollectExplorationReward at 2026-02-28 16:00:00
2026-02-28 11:35:46 [Debug] red_ratio=0.109
2026-02-28 11:35:48 [Debug] red_ratio=0.109
2026-02-28 11:35:50 [Debug] red_ratio=0.108
2026-02-28 11:35:52 [Debug] red_ratio=0.105
2026-02-28 11:35:55 [Debug] red_ratio=0.109
2026-02-28 11:35:57 [Debug] red_ratio=0.109
2026-02-28 11:35:59 [Debug] red_ratio=0.110
2026-02-28 11:36:00 Cron next run: FightBoomer at 2026-02-28 11:38:00
2026-02-28 11:36:00 [Runner] Started function: FightBoomer
2026-02-28 11:36:00 Cron next run: HelpAlliance at 2026-02-28 11:38:00
2026-02-28 11:36:00 [Scheduler] HelpAlliance (priority=100) blocked by FightBoomer (priority=2) [cron] -> queued
2026-02-28 11:36:00 [Scheduler] HelpAlliance queued (priority=100, reason=cron)
2026-02-28 11:36:00 [Runner] click_unless_visible WorldButton → true (visible, skip nav)
2026-02-28 11:36:01 [Runner] match_click MagnifierButton → true (clicked)
2026-02-28 11:36:01 [Debug] red_ratio=0.109
2026-02-28 11:36:02 [Runner] sleep 1s → true
2026-02-28 11:36:03 [Runner] match_click BoomerButton → true (clicked)
2026-02-28 11:36:03 [Debug] red_ratio=0.102
2026-02-28 11:36:04 [Runner] sleep 0.5s → true
2026-02-28 11:36:07 [OCR] psm=7 raw='Lv.1'
2026-02-28 11:36:07 [OCR] psm=7 -> Lv.1 from 'Lv.1'
2026-02-28 11:36:07 [Runner] set_level: ROI saved to debug_set_level_roi.png
2026-02-28 11:36:08 [Runner] set_level: Lv.1 -> click Plus (target Lv.10)
2026-02-28 11:36:08 [Debug] red_ratio=0.105
2026-02-28 11:36:09 [OCR] psm=7 raw='Lv.2'
2026-02-28 11:36:09 [OCR] psm=7 -> Lv.2 from 'Lv.2'
2026-02-28 11:36:10 [Runner] set_level: Lv.2 -> click Plus (target Lv.10)
2026-02-28 11:36:10 [Alert] House is being attacked! (red_ratio=0.134)
2026-02-28 11:36:10 [Debug] red_ratio=0.134
2026-02-28 11:36:11 [OCR] psm=7 raw='Lv.3'
2026-02-28 11:36:11 [OCR] psm=7 -> Lv.3 from 'Lv.3'
2026-02-28 11:36:12 [Runner] set_level: Lv.3 -> click Plus (target Lv.10)
2026-02-28 11:36:12 [Alert] Attack has ended. (red_ratio=0.117)
2026-02-28 11:36:12 [Debug] red_ratio=0.117
2026-02-28 11:36:13 [OCR] psm=7 raw='Lv.4'
2026-02-28 11:36:13 [OCR] psm=7 -> Lv.4 from 'Lv.4'
2026-02-28 11:36:14 [Runner] set_level: Lv.4 -> click Plus (target Lv.10)
2026-02-28 11:36:15 [Debug] red_ratio=0.113
2026-02-28 11:36:15 [OCR] psm=7 raw='Lv.5'
2026-02-28 11:36:15 [OCR] psm=7 -> Lv.5 from 'Lv.5'
2026-02-28 11:36:16 [Runner] set_level: Lv.5 -> click Plus (target Lv.10)
2026-02-28 11:36:17 [Debug] red_ratio=0.109
2026-02-28 11:36:17 [OCR] psm=7 raw='Lv.6'
2026-02-28 11:36:17 [OCR] psm=7 -> Lv.6 from 'Lv.6'
2026-02-28 11:36:18 [Runner] set_level: Lv.6 -> click Plus (target Lv.10)
2026-02-28 11:36:19 [Debug] red_ratio=0.109
2026-02-28 11:36:19 [OCR] psm=7 raw='Lv./'
2026-02-28 11:36:20 [OCR] psm=7 raw='Lv./'
2026-02-28 11:36:20 [OCR] psm=8 raw='Lv.7 |'
2026-02-28 11:36:20 [OCR] psm=8 -> Lv.7 from 'Lv.7 |'
2026-02-28 11:36:21 [Runner] set_level: Lv.7 -> click Plus (target Lv.10)
2026-02-28 11:36:21 [Alert] House is being attacked! (red_ratio=0.143)
2026-02-28 11:36:21 [Debug] red_ratio=0.143
2026-02-28 11:36:22 [OCR] psm=7 raw='Lv.8'
2026-02-28 11:36:22 [OCR] psm=7 -> Lv.8 from 'Lv.8'
2026-02-28 11:36:23 [Runner] set_level: Lv.8 -> click Plus (target Lv.10)
2026-02-28 11:36:23 [Alert] Attack has ended. (red_ratio=0.109)
2026-02-28 11:36:23 [Debug] red_ratio=0.109
2026-02-28 11:36:24 [OCR] psm=7 raw='Lv.9'
2026-02-28 11:36:24 [OCR] psm=7 -> Lv.9 from 'Lv.9'
2026-02-28 11:36:25 [Runner] set_level: Lv.9 -> click Plus (target Lv.10)
2026-02-28 11:36:26 [Debug] red_ratio=0.112
2026-02-28 11:36:26 [Runner] set_level: timeout before reaching Lv.10
2026-02-28 11:36:26 [Runner] [skip] sleep 0.5s
2026-02-28 11:36:26 [Runner] [skip] match_click SearchButton
2026-02-28 11:36:26 [Runner] [skip] sleep 0.5s
2026-02-28 11:36:26 [Runner] [skip] match_click TeamUp
2026-02-28 11:36:26 [Runner] [skip] sleep 0.5s
2026-02-28 11:36:26 [Runner] [skip] match_click March
2026-02-28 11:36:26 [Runner] Finished function: FightBoomer (aborted)
2026-02-28 11:36:26 [Scheduler] HelpAlliance dequeued and starting (priority=100)
2026-02-28 11:36:26 [Runner] Started function: HelpAlliance
2026-02-28 11:36:28 [Debug] red_ratio=0.111
2026-02-28 11:36:29 [Runner] match_click HelpAlliance → true (clicked)
2026-02-28 11:36:29 [Runner] Finished function: HelpAlliance
2026-02-28 11:36:30 [Debug] red_ratio=0.112
2026-02-28 11:36:32 [Debug] red_ratio=0.109
2026-02-28 11:36:34 [Debug] red_ratio=0.113
2026-02-28 11:36:35 === End ===
2026-02-28 11:36:35 Done.
