2026-02-27 21:52:48 === Start ===
2026-02-27 21:52:48 [Env] Loaded from .env: PIN_PASSWORD
2026-02-27 21:52:48 [bot_engine] Failed to load template buttons_template/SoliderBackButton.png: Khong tim thay anh: buttons_template/SoliderBackButton.png
2026-02-27 21:52:48 WindowCapture: client size = 2400x1600, screen offset = (1498, 358)
2026-02-27 21:52:48 Vision scale: 1.0 (window 2400x1600)
2026-02-27 21:52:48 Global hotkey: {'l': 'PinLoggin', 'b': 'FightBoomer', 't': 'ClickTreasure', 'c': 'CollectExplorationReward', 's': 'SoliderTrain', 'h': 'HelpAlliance', 'm': 'CheckMail', 'd': 'DonateAllianceTech'} | Press same key to stop | Ctrl+Esc = quit
2026-02-27 21:52:48 Function priorities: {'PinLoggin': 1, 'FightBoomer': 2, 'ClickTreasure': 4, 'CollectExplorationReward': 98, 'SoliderTrain': 99, 'HelpAlliance': 100, 'CheckMail': 50, 'DonateAllianceTech': 60}
2026-02-27 21:52:48 Function enabled: {'PinLoggin': True, 'FightBoomer': True, 'ClickTreasure': True, 'CollectExplorationReward': True, 'SoliderTrain': True, 'HelpAlliance': True, 'CheckMail': True, 'DonateAllianceTech': True}
2026-02-27 21:52:48 Auto cron: [('PinLoggin', '*/30 * * * *'), ('CollectExplorationReward', '0 */8 * * *'), ('SoliderTrain', '0 */6 * * *'), ('HelpAlliance', '*/15 * * * *'), ('CheckMail', '0 */5 * * *')]
2026-02-27 21:52:48 Cron next run: PinLoggin at 2026-02-27 22:00:00
2026-02-27 21:52:48 Cron next run: CollectExplorationReward at 2026-02-28 00:00:00
2026-02-27 21:52:48 Cron next run: SoliderTrain at 2026-02-28 00:00:00
2026-02-27 21:52:48 Cron next run: HelpAlliance at 2026-02-27 22:00:00
2026-02-27 21:52:48 Cron next run: CheckMail at 2026-02-28 00:00:00
2026-02-27 21:52:51 [Runner] Started function: DonateAllianceTech
2026-02-27 21:52:52 [Runner] match_click buttons_template/AllianceIconButton.png (count 1)
2026-02-27 21:52:54 [Runner] match_click buttons_template/AllianceTechs.png (count 1)
2026-02-27 21:52:55 [Runner] match_click buttons_template/AllianceTechLike.png (count 1)
2026-02-27 21:52:57 [Runner] match_click buttons_template/AllianceTechDonate.png (count 1)
2026-02-27 21:53:08 [Runner] match_click buttons_template/AllianceTechDonate.png (count 10)
2026-02-27 21:53:17 [Runner] match_click buttons_template/AllianceTechDonate.png (count 20)
2026-02-27 21:53:17 [Runner] match_click buttons_template/AllianceTechDonate.png reached max_clicks=20
2026-02-27 21:53:20 [Runner] click_position (1618, 438)
2026-02-27 21:53:20 [Runner] Finished function: DonateAllianceTech
2026-02-27 21:53:25 === End ===
2026-02-27 21:53:25 Done.
