2026-02-28 07:18:26 === Start ===
2026-02-28 07:18:26 [Env] Loaded from .env: PIN_PASSWORD
2026-02-28 07:18:26 [bot_engine] Failed to load template buttons_template/SoliderBackButton.png: Khong tim thay anh: buttons_template/SoliderBackButton.png
2026-02-28 07:18:26 WindowCapture: client size = 2400x1600, screen offset = (1498, 358)
2026-02-28 07:18:26 Vision scale: 1.0 (window 2400x1600)
2026-02-28 07:18:26 Global hotkey: {'l': 'PinLoggin', 'b': 'FightBoomer', 't': 'ClickTreasure', 'c': 'CollectExplorationReward', 's': 'SoliderTrain', 'h': 'HelpAlliance', 'm': 'CheckMail', 'd': 'DonateAllianceTech'} | Press same key to stop | Ctrl+Esc = quit
2026-02-28 07:18:26 Function priorities: {'PinLoggin': 1, 'FightBoomer': 2, 'ClickTreasure': 4, 'CollectExplorationReward': 98, 'SoliderTrain': 99, 'HelpAlliance': 100, 'CheckMail': 50, 'DonateAllianceTech': 60}
2026-02-28 07:18:26 Function enabled: {'PinLoggin': True, 'FightBoomer': True, 'ClickTreasure': True, 'CollectExplorationReward': True, 'SoliderTrain': True, 'HelpAlliance': True, 'CheckMail': True, 'DonateAllianceTech': True}
2026-02-28 07:18:26 Auto cron: [('PinLoggin', '*/30 * * * *'), ('CollectExplorationReward', '0 */8 * * *'), ('SoliderTrain', '0 */6 * * *'), ('HelpAlliance', '*/15 * * * *'), ('CheckMail', '0 */5 * * *')]
2026-02-28 07:18:26 Cron next run: PinLoggin at 2026-02-28 07:30:00
2026-02-28 07:18:26 Cron next run: CollectExplorationReward at 2026-02-28 08:00:00
2026-02-28 07:18:26 Cron next run: SoliderTrain at 2026-02-28 12:00:00
2026-02-28 07:18:26 Cron next run: HelpAlliance at 2026-02-28 07:30:00
2026-02-28 07:18:26 Cron next run: CheckMail at 2026-02-28 10:00:00
2026-02-28 07:18:30 [Runner] Started function: SoliderTrain
2026-02-28 07:18:36 [Runner] match_click buttons_template/HeadquartersButton.png timeout (not found in 5s)
2026-02-28 07:18:37 [Runner] match_click buttons_template/ShooterCollect.png (count 1)
2026-02-28 07:18:41 [Runner] match_click buttons_template/SoliderTrain.png timeout (not found in 3s)
2026-02-28 07:18:44 [Runner] match_click buttons_template/SoliderTrainButton.png timeout (not found in 3s)
2026-02-28 07:18:45 [Runner] match_click buttons_template/AssaultCollect.png (count 1)
2026-02-28 07:18:48 [Runner] match_click buttons_template/SoliderTrain.png (count 1)
2026-02-28 07:18:52 [Runner] match_click buttons_template/SoliderTrainButton.png timeout (not found in 3s)
2026-02-28 07:18:58 [Runner] match_click buttons_template/RiderCollect.png timeout (not found in 5s)
2026-02-28 07:19:02 [Runner] match_click buttons_template/SoliderTrain.png timeout (not found in 3s)
2026-02-28 07:19:05 [Runner] match_click buttons_template/SoliderTrainButton.png timeout (not found in 3s)
2026-02-28 07:19:06 [Runner] Finished function: SoliderTrain
2026-02-28 07:19:09 === End ===
2026-02-28 07:19:09 Done.
