2026-02-27 20:05:37 === Start ===
2026-02-27 20:05:37 [Env] Loaded from .env: PIN_PASSWORD
2026-02-27 20:05:37 [bot_engine] Failed to load template buttons_template/SoliderBackButton.png: Khong tim thay anh: buttons_template/SoliderBackButton.png
2026-02-27 20:05:37 WindowCapture: client size = 1564x1170, screen offset = (1986, 148)
2026-02-27 20:05:37 Vision scale: 1.0 (window resized to 1564x1170)
2026-02-27 20:05:37 Global hotkey: {'l': 'PinLoggin', 'b': 'FightBoomer', 't': 'ClickTreasure', 'c': 'CollectExplorationReward', 's': 'SoliderTrain', 'h': 'HelpAlliance', 'm': 'CheckMail'} | Press same key to stop | Ctrl+Esc = quit
2026-02-27 20:05:37 Function priorities: {'PinLoggin': 1, 'FightBoomer': 2, 'ClickTreasure': 4, 'CollectExplorationReward': 98, 'SoliderTrain': 99, 'HelpAlliance': 100, 'CheckMail': 50}
2026-02-27 20:05:37 Function enabled: {'PinLoggin': True, 'FightBoomer': True, 'ClickTreasure': True, 'CollectExplorationReward': True, 'SoliderTrain': True, 'HelpAlliance': True, 'CheckMail': True}
2026-02-27 20:05:37 Auto cron: [('PinLoggin', '*/30 * * * *'), ('CollectExplorationReward', '0 */8 * * *'), ('SoliderTrain', '0 */6 * * *'), ('HelpAlliance', '*/15 * * * *'), ('CheckMail', '0 */5 * * *')]
2026-02-27 20:05:37 Cron next run: PinLoggin at 2026-02-27 20:30:00
2026-02-27 20:05:37 Cron next run: CollectExplorationReward at 2026-02-28 00:00:00
2026-02-27 20:05:37 Cron next run: SoliderTrain at 2026-02-28 00:00:00
2026-02-27 20:05:37 Cron next run: HelpAlliance at 2026-02-27 20:15:00
2026-02-27 20:05:37 Cron next run: CheckMail at 2026-02-28 00:00:00
2026-02-27 20:05:40 [Runner] Started function: HelpAlliance
2026-02-27 20:05:41 [Runner] match_click buttons_template/HelpAlliance.png (count 1)
2026-02-27 20:05:41 [Runner] Finished function: HelpAlliance
2026-02-27 20:05:55 [Runner] Started function: HelpAlliance
2026-02-27 20:06:01 [Runner] match_click buttons_template/HelpAlliance.png timeout (not found in 5s)
2026-02-27 20:06:01 [Runner] Finished function: HelpAlliance
2026-02-27 20:06:12 === End ===
2026-02-27 20:06:12 Done.
