2026-02-28 16:10:32 === Start ===
2026-02-28 16:10:32 [Env] Loaded from .env: PIN_PASSWORD
2026-02-28 16:10:32 WindowCapture: client size = 2400x1600, screen offset = (1304, 279)
2026-02-28 16:10:32 Vision scale: 1.0 (window 2400x1600)
2026-02-28 16:10:32 Global hotkey: {'l': 'PinLoggin', 'o': 'TurnOnShield', 't': 'ClickTreasure', 'c': 'CollectExplorationReward', 's': 'SoliderTrain', 'h': 'HelpAlliance', 'm': 'CheckMail', 'd': 'DonateAllianceTech'} | Press same key to stop | Ctrl+Esc = quit
2026-02-28 16:10:32 Function enabled: {'PinLoggin': True, 'TurnOnShield': True, 'FightBoomer': False, 'ClickTreasure': True, 'CollectExplorationReward': True, 'SoliderTrain': True, 'HelpAlliance': True, 'CheckMail': True, 'DonateAllianceTech': True}
2026-02-28 16:10:32 Auto cron: [('CollectExplorationReward', '0 */8 * * *'), ('SoliderTrain', '0 */6 * * *'), ('HelpAlliance', '*/2 * * * *'), ('CheckMail', '0 */5 * * *')]
2026-02-28 16:10:32 Attack triggers: ['TurnOnShield']
2026-02-28 16:10:32 Logout triggers: ['PinLoggin']
2026-02-28 16:10:32 Cron next run: HelpAlliance at 2026-02-28 16:12:00
2026-02-28 16:10:32 Cron next run: SoliderTrain at 2026-02-28 18:00:00
2026-02-28 16:10:32 Cron next run: CheckMail at 2026-02-28 20:00:00
2026-02-28 16:10:32 Cron next run: CollectExplorationReward at 2026-03-01 00:00:00
2026-02-28 16:10:41 [Runner] Started function: TurnOnShield
2026-02-28 16:10:52 [Runner] sleep 10s → true
2026-02-28 16:10:54 [Runner] match_click HeadquartersButton → true (clicked)
2026-02-28 16:10:55 [Runner] sleep 1s → true
2026-02-28 16:10:57 [Runner] match_click WorldButton → true (clicked)
2026-02-28 16:10:59 [Runner] sleep 1s → true
2026-02-28 16:11:00 [Runner] click_position (0.5, 0.5) → true
2026-02-28 16:11:02 [Runner] sleep 1s → true
2026-02-28 16:11:04 [Runner] match_click CityWallIcon → true (clicked)
2026-02-28 16:11:08 [Runner] sleep 3s → true
2026-02-28 16:11:10 [Runner] ocr_log [PeaceShield remaining]: 23:28:05
2026-02-28 16:11:10 [Runner] ocr_log: ROI saved to debug_ocr_PeaceShield_remaining.png
2026-02-28 16:11:12 [Runner] match_click PeaceShieldActivated → true (clicked)
2026-02-28 16:11:14 [Runner] sleep 1s → true
2026-02-28 16:11:17 [Runner] Finished function: TurnOnShield
2026-02-28 16:11:23 === End ===
2026-02-28 16:11:23 Done.
