2026-02-28 13:50:30 === Start ===
2026-02-28 13:50:30 [Env] Loaded from .env: PIN_PASSWORD
2026-02-28 13:50:30 WindowCapture: client size = 2400x1600, screen offset = (2146, 374)
2026-02-28 13:50:31 Vision scale: 1.0 (window 2400x1600)
2026-02-28 13:50:31 Global hotkey: {'l': 'PinLoggin', 't': 'ClickTreasure', 'c': 'CollectExplorationReward', 's': 'SoliderTrain', 'h': 'HelpAlliance', 'm': 'CheckMail', 'd': 'DonateAllianceTech', 'o': 'TurnOnShield'} | Press same key to stop | Ctrl+Esc = quit
2026-02-28 13:50:31 Function priorities: {'PinLoggin': 1, 'FightBoomer': 2, 'ClickTreasure': 4, 'CollectExplorationReward': 98, 'SoliderTrain': 99, 'HelpAlliance': 100, 'CheckMail': 50, 'DonateAllianceTech': 60, 'TurnOnShield': 1}
2026-02-28 13:50:31 Function enabled: {'PinLoggin': True, 'FightBoomer': False, 'ClickTreasure': True, 'CollectExplorationReward': True, 'SoliderTrain': True, 'HelpAlliance': True, 'CheckMail': True, 'DonateAllianceTech': True, 'TurnOnShield': True}
2026-02-28 13:50:31 Auto cron: [('PinLoggin', '*/30 * * * *'), ('CollectExplorationReward', '0 */8 * * *'), ('SoliderTrain', '0 */6 * * *'), ('HelpAlliance', '*/2 * * * *'), ('CheckMail', '0 */5 * * *')]
2026-02-28 13:50:31 Attack triggers: ['TurnOnShield']
2026-02-28 13:50:31 Cron next run: HelpAlliance at 2026-02-28 13:52:00
2026-02-28 13:50:31 Cron next run: PinLoggin at 2026-02-28 14:00:00
2026-02-28 13:50:31 Cron next run: CheckMail at 2026-02-28 15:00:00
2026-02-28 13:50:31 Cron next run: CollectExplorationReward at 2026-02-28 16:00:00
2026-02-28 13:50:31 Cron next run: SoliderTrain at 2026-02-28 18:00:00
2026-02-28 13:50:34 [Runner] Started function: TurnOnShield
2026-02-28 13:50:36 [Runner] match_click HeadquartersButton → true (clicked)
2026-02-28 13:50:38 [Runner] match_click WorldButton → true (clicked)
2026-02-28 13:50:39 [Runner] sleep 0.5s → true
2026-02-28 13:50:40 [Runner] click_position (0.5, 0.5) → true
2026-02-28 13:50:41 [Runner] sleep 0.5s → true
2026-02-28 13:50:42 [Runner] match_click CityWallIcon → true (clicked)
2026-02-28 13:50:43 [Runner] sleep 0.5s → true
2026-02-28 13:50:45 [Runner] match_click PeaceShield → true (clicked)
2026-02-28 13:50:46 [Runner] sleep 0.5s → true
2026-02-28 13:50:48 [Runner] Finished function: TurnOnShield
2026-02-28 13:50:50 === End ===
2026-02-28 13:50:50 Done.
