2026-02-28 08:26:12 === Start ===
2026-02-28 08:26:12 [Env] Loaded from .env: PIN_PASSWORD
2026-02-28 08:26:12 [bot_engine] Failed to load template buttons_template/SoliderBackButton.png: Khong tim thay anh: buttons_template/SoliderBackButton.png
2026-02-28 08:26:12 WindowCapture: client size = 2400x1600, screen offset = (1288, 386)
2026-02-28 08:26:13 Vision scale: 1.0 (window 2400x1600)
2026-02-28 08:26:13 Global hotkey: {'l': 'PinLoggin', 'b': 'FightBoomer', 't': 'ClickTreasure', 'c': 'CollectExplorationReward', 's': 'SoliderTrain', 'h': 'HelpAlliance', 'm': 'CheckMail', 'd': 'DonateAllianceTech'} | Press same key to stop | Ctrl+Esc = quit
2026-02-28 08:26:13 Function priorities: {'PinLoggin': 1, 'FightBoomer': 2, 'ClickTreasure': 4, 'CollectExplorationReward': 98, 'SoliderTrain': 99, 'HelpAlliance': 100, 'CheckMail': 50, 'DonateAllianceTech': 60}
2026-02-28 08:26:13 Function enabled: {'PinLoggin': True, 'FightBoomer': True, 'ClickTreasure': True, 'CollectExplorationReward': True, 'SoliderTrain': True, 'HelpAlliance': True, 'CheckMail': True, 'DonateAllianceTech': True}
2026-02-28 08:26:13 Auto cron: [('PinLoggin', '*/30 * * * *'), ('CollectExplorationReward', '0 */8 * * *'), ('SoliderTrain', '0 */6 * * *'), ('HelpAlliance', '*/15 * * * *'), ('CheckMail', '0 */5 * * *')]
2026-02-28 08:26:13 Cron next run: PinLoggin at 2026-02-28 08:30:00
2026-02-28 08:26:13 Cron next run: CollectExplorationReward at 2026-02-28 16:00:00
2026-02-28 08:26:13 Cron next run: SoliderTrain at 2026-02-28 12:00:00
2026-02-28 08:26:13 Cron next run: HelpAlliance at 2026-02-28 08:30:00
2026-02-28 08:26:13 Cron next run: CheckMail at 2026-02-28 10:00:00
2026-02-28 08:26:21 [Runner] Started function: DonateAllianceTech
2026-02-28 08:26:21 [Runner] match_click buttons_template/AllianceIconButton.png (count 1)
2026-02-28 08:26:23 [Runner] match_click buttons_template/AllianceTechs.png (count 1)
2026-02-28 08:26:24 [Runner] match_click buttons_template/AllianceTechLike.png (count 1)
2026-02-28 08:26:26 [Runner] match_click buttons_template/AllianceTechDonate.png (count 1)
2026-02-28 08:26:39 [Runner] match_click buttons_template/AllianceTechDonate.png (count 10)
2026-02-28 08:26:55 [Runner] match_click buttons_template/AllianceTechDonate.png timeout (not found in 30s)
2026-02-28 08:26:56 [Runner] Aborting function 'DonateAllianceTech' — step 'sleep' blocked (previous step returned false)
2026-02-28 08:26:56 [Runner] Finished function: DonateAllianceTech (aborted)
2026-02-28 08:27:07 === End ===
2026-02-28 08:27:07 Done.
