2026-02-28 11:39:34 === Start ===
2026-02-28 11:39:34 [Env] Loaded from .env: PIN_PASSWORD
2026-02-28 11:39:34 WindowCapture: client size = 2400x1600, screen offset = (1212, 194)
2026-02-28 11:39:34 Vision scale: 1.0 (window 2400x1600)
2026-02-28 11:39:34 Global hotkey: {'l': 'PinLoggin', 't': 'ClickTreasure', 'c': 'CollectExplorationReward', 's': 'SoliderTrain', 'h': 'HelpAlliance', 'm': 'CheckMail', 'd': 'DonateAllianceTech'} | Press same key to stop | Ctrl+Esc = quit
2026-02-28 11:39:34 Function priorities: {'PinLoggin': 1, 'FightBoomer': 2, 'ClickTreasure': 4, 'CollectExplorationReward': 98, 'SoliderTrain': 99, 'HelpAlliance': 100, 'CheckMail': 50, 'DonateAllianceTech': 60}
2026-02-28 11:39:34 Function enabled: {'PinLoggin': True, 'FightBoomer': False, 'ClickTreasure': True, 'CollectExplorationReward': True, 'SoliderTrain': True, 'HelpAlliance': True, 'CheckMail': True, 'DonateAllianceTech': True}
2026-02-28 11:39:34 Auto cron: [('PinLoggin', '*/30 * * * *'), ('CollectExplorationReward', '0 */8 * * *'), ('SoliderTrain', '0 */6 * * *'), ('HelpAlliance', '*/2 * * * *'), ('CheckMail', '0 */5 * * *')]
2026-02-28 11:39:34 Cron next run: HelpAlliance at 2026-02-28 11:40:00
2026-02-28 11:39:34 Cron next run: PinLoggin at 2026-02-28 12:00:00
2026-02-28 11:39:34 Cron next run: SoliderTrain at 2026-02-28 12:00:00
2026-02-28 11:39:34 Cron next run: CheckMail at 2026-02-28 15:00:00
2026-02-28 11:39:34 Cron next run: CollectExplorationReward at 2026-02-28 16:00:00
2026-02-28 11:39:45 [Alert] House is being attacked! (red_ratio=0.148)
2026-02-28 11:39:45 [Alert] Attack has ended. (red_ratio=0.123)
2026-02-28 11:39:46 [Alert] House is being attacked! (red_ratio=0.161)
2026-02-28 11:39:47 [Alert] Attack has ended. (red_ratio=0.102)
2026-02-28 11:39:47 [Alert] House is being attacked! (red_ratio=0.150)
2026-02-28 11:39:47 [Alert] Attack has ended. (red_ratio=0.129)
2026-02-28 11:39:48 [Alert] House is being attacked! (red_ratio=0.159)
2026-02-28 11:39:49 [Alert] Attack has ended. (red_ratio=0.112)
2026-02-28 11:39:49 [Alert] House is being attacked! (red_ratio=0.130)
2026-02-28 11:39:50 [Alert] Attack has ended. (red_ratio=0.113)
2026-02-28 11:39:50 [Alert] House is being attacked! (red_ratio=0.154)
2026-02-28 11:39:51 [Alert] Attack has ended. (red_ratio=0.110)
2026-02-28 11:39:51 [Alert] House is being attacked! (red_ratio=0.131)
2026-02-28 11:39:51 [Alert] Attack has ended. (red_ratio=0.114)
2026-02-28 11:39:52 [Alert] House is being attacked! (red_ratio=0.148)
2026-02-28 11:39:52 [Alert] Attack has ended. (red_ratio=0.120)
2026-02-28 11:39:53 [Alert] House is being attacked! (red_ratio=0.141)
2026-02-28 11:39:54 [Alert] Attack has ended. (red_ratio=0.105)
2026-02-28 11:39:54 [Alert] House is being attacked! (red_ratio=0.133)
2026-02-28 11:39:55 [Alert] Attack has ended. (red_ratio=0.112)
2026-02-28 11:39:55 [Alert] House is being attacked! (red_ratio=0.154)
2026-02-28 11:39:56 [Alert] Attack has ended. (red_ratio=0.118)
2026-02-28 11:39:56 [Alert] House is being attacked! (red_ratio=0.149)
2026-02-28 11:39:57 [Alert] Attack has ended. (red_ratio=0.105)
2026-02-28 11:39:57 [Alert] House is being attacked! (red_ratio=0.141)
2026-02-28 11:39:58 [Alert] Attack has ended. (red_ratio=0.125)
2026-02-28 11:39:58 [Alert] House is being attacked! (red_ratio=0.147)
2026-02-28 11:39:59 [Alert] Attack has ended. (red_ratio=0.110)
2026-02-28 11:40:00 Cron next run: HelpAlliance at 2026-02-28 11:42:00
2026-02-28 11:40:00 [Runner] Started function: HelpAlliance
2026-02-28 11:40:06 [Runner] match_click HelpAlliance → false (not found in 5s)
2026-02-28 11:40:06 [Runner] Finished function: HelpAlliance
2026-02-28 11:40:09 === End ===
2026-02-28 11:40:09 Done.
