2026-02-28 11:34:20 === Start ===
2026-02-28 11:34:20 [Env] Loaded from .env: PIN_PASSWORD
2026-02-28 11:34:20 WindowCapture: client size = 2400x1600, screen offset = (1212, 194)
2026-02-28 11:34:20 Vision scale: 1.0 (window 2400x1600)
2026-02-28 11:34:20 Global hotkey: {'l': 'PinLoggin', 'b': 'FightBoomer', 't': 'ClickTreasure', 'c': 'CollectExplorationReward', 's': 'SoliderTrain', 'h': 'HelpAlliance', 'm': 'CheckMail', 'd': 'DonateAllianceTech'} | Press same key to stop | Ctrl+Esc = quit
2026-02-28 11:34:20 Function priorities: {'PinLoggin': 1, 'FightBoomer': 2, 'ClickTreasure': 4, 'CollectExplorationReward': 98, 'SoliderTrain': 99, 'HelpAlliance': 100, 'CheckMail': 50, 'DonateAllianceTech': 60}
2026-02-28 11:34:20 Function enabled: {'PinLoggin': True, 'FightBoomer': True, 'ClickTreasure': True, 'CollectExplorationReward': True, 'SoliderTrain': True, 'HelpAlliance': True, 'CheckMail': True, 'DonateAllianceTech': True}
2026-02-28 11:34:20 Auto cron: [('PinLoggin', '*/30 * * * *'), ('FightBoomer', '*/2 * * * *'), ('CollectExplorationReward', '0 */8 * * *'), ('SoliderTrain', '0 */6 * * *'), ('HelpAlliance', '*/2 * * * *'), ('CheckMail', '0 */5 * * *')]
2026-02-28 11:34:20 Cron next run: FightBoomer at 2026-02-28 11:36:00
2026-02-28 11:34:20 Cron next run: HelpAlliance at 2026-02-28 11:36:00
2026-02-28 11:34:20 Cron next run: PinLoggin at 2026-02-28 12:00:00
2026-02-28 11:34:20 Cron next run: SoliderTrain at 2026-02-28 12:00:00
2026-02-28 11:34:20 Cron next run: CheckMail at 2026-02-28 15:00:00
2026-02-28 11:34:20 Cron next run: CollectExplorationReward at 2026-02-28 16:00:00
2026-02-28 11:34:21 [Debug] red_ratio=0.098
2026-02-28 11:34:22 [Debug] red_ratio=0.101
2026-02-28 11:34:25 [Debug] red_ratio=0.100
2026-02-28 11:34:27 [Debug] red_ratio=0.101
2026-02-28 11:34:29 [Debug] red_ratio=0.101
2026-02-28 11:34:31 [Debug] red_ratio=0.099
2026-02-28 11:34:34 [Debug] red_ratio=0.101
2026-02-28 11:34:35 [Debug] red_ratio=0.102
2026-02-28 11:34:37 [Debug] red_ratio=0.098
2026-02-28 11:34:39 [Debug] red_ratio=0.101
2026-02-28 11:34:41 [Debug] red_ratio=0.113
2026-02-28 11:34:44 [Debug] red_ratio=0.147
2026-02-28 11:34:46 [Debug] red_ratio=0.167
2026-02-28 11:34:48 [Debug] red_ratio=0.100
2026-02-28 11:34:49 === End ===
2026-02-28 11:34:49 Done.
