2026-02-27 13:05:10 === Start ===
2026-02-27 13:05:10 WindowCapture: client size = 2518x1725, screen offset = (1464, 202)
2026-02-27 13:05:10 Global hotkey: {'m': 'CheckMail', 't': 'ClickTreasure', 'b': 'FightBoomer'} = run function. Press same key again (e.g. t) to stop. Ctrl+Esc = quit
2026-02-27 13:05:10 Auto cron: [('CheckMail', '0 */5 * * *')]
2026-02-27 13:05:10 Cron next run: CheckMail at 2026-02-27 15:00:00
2026-02-27 13:05:44 [Runner] Started function: FightBoomer
2026-02-27 13:05:45 [Runner] match_click buttons_template/MagnifierButton.png (count 1)
2026-02-27 13:05:47 [Runner] match_click buttons_template/BoomerButton.png (count 1)
2026-02-27 13:05:49 [OCR] psm=8 text: 'Oa'
2026-02-27 13:05:49 [OCR] psm=8 text: 'Oa'
2026-02-27 13:05:49 [OCR] psm=7 text: '+t'
2026-02-27 13:05:50 [OCR] psm=7 text: '+t'
2026-02-27 13:05:50 [OCR] psm=6 text: 'al\n4'
2026-02-27 13:05:50 [Runner] set_level: saved ROI to debug_set_level_roi.png (check if Lv.X is visible)
2026-02-27 13:05:50 [Runner] set_level: read Lv.4, target Lv.10
2026-02-27 13:05:51 [Runner] set_level: Lv.4 -> Lv.10 (click Plus)
2026-02-27 13:05:52 [OCR] psm=8 text: 'TNs'
2026-02-27 13:05:52 [OCR] psm=8 text: 'TNs'
2026-02-27 13:05:53 [OCR] psm=7 text: 'EVee'
2026-02-27 13:05:53 [OCR] psm=7 text: 'EVee'
2026-02-27 13:05:53 [OCR] psm=6 text: 'LV.2\nLi'
2026-02-27 13:05:54 [Runner] set_level: Lv.2 -> Lv.10 (click Plus)
2026-02-27 13:05:55 [OCR] psm=8 text: 'Ee'
2026-02-27 13:05:56 [OCR] psm=8 text: 'Ee'
2026-02-27 13:05:56 [OCR] psm=7 text: 'EVs'
2026-02-27 13:05:56 [OCR] psm=7 text: 'EVs'
2026-02-27 13:05:56 [OCR] psm=6 text: 'LV.0\nT_i'
2026-02-27 13:05:57 [OCR] psm=6 text: 'LV.0\nTi'
2026-02-27 13:05:57 [OCR] psm=13 text: 'Ee'
2026-02-27 13:05:57 [OCR] psm=13 text: 'Ee'
2026-02-27 13:05:57 [Runner] set_level: OCR cannot read level (check level_roi in YAML)
2026-02-27 13:05:58 [OCR] psm=8 text: 'Ee'
2026-02-27 13:05:59 [OCR] psm=8 text: 'Ee'
2026-02-27 13:05:59 [OCR] psm=7 text: 'EVs'
2026-02-27 13:05:59 [OCR] psm=7 text: 'EVs'
2026-02-27 13:05:59 [OCR] psm=6 text: 'LV.0\nT_i'
2026-02-27 13:06:00 [OCR] psm=6 text: 'LV.0\nTi'
2026-02-27 13:06:00 [OCR] psm=13 text: 'Ee'
2026-02-27 13:06:00 [OCR] psm=13 text: 'Ee'
2026-02-27 13:06:00 [Runner] set_level: OCR cannot read level (check level_roi in YAML)
2026-02-27 13:06:01 [OCR] psm=8 text: 'Ee'
2026-02-27 13:06:02 [OCR] psm=8 text: 'Ee'
2026-02-27 13:06:02 [OCR] psm=7 text: 'EVs'
2026-02-27 13:06:02 [OCR] psm=7 text: 'EVs'
2026-02-27 13:06:03 [OCR] psm=6 text: 'LV.0\nT_i'
2026-02-27 13:06:03 [OCR] psm=6 text: 'LV.0\nTi'
2026-02-27 13:06:03 [OCR] psm=13 text: 'Ee'
2026-02-27 13:06:03 [OCR] psm=13 text: 'Ee'
2026-02-27 13:06:03 [Runner] set_level: OCR cannot read level (check level_roi in YAML)
2026-02-27 13:06:04 [OCR] psm=8 text: 'Ee'
2026-02-27 13:06:05 [OCR] psm=8 text: 'Ee'
2026-02-27 13:06:05 [OCR] psm=7 text: 'EVs'
2026-02-27 13:06:05 [OCR] psm=7 text: 'EVs'
2026-02-27 13:06:06 [OCR] psm=6 text: 'LV.0\nT_i'
2026-02-27 13:06:06 [OCR] psm=6 text: 'LV.0\nTi'
2026-02-27 13:06:06 [OCR] psm=13 text: 'Ee'
2026-02-27 13:06:06 [OCR] psm=13 text: 'Ee'
2026-02-27 13:06:06 [Runner] set_level: OCR cannot read level (check level_roi in YAML)
2026-02-27 13:06:07 [OCR] psm=8 text: 'Ee'
2026-02-27 13:06:08 [OCR] psm=8 text: 'Ee'
2026-02-27 13:06:08 [OCR] psm=7 text: 'EVs'
2026-02-27 13:06:08 [OCR] psm=7 text: 'EVs'
2026-02-27 13:06:09 [OCR] psm=6 text: 'LV.0\nT_i'
2026-02-27 13:06:09 [OCR] psm=6 text: 'LV.0\nTi'
2026-02-27 13:06:09 [OCR] psm=13 text: 'Ee'
2026-02-27 13:06:10 [OCR] psm=13 text: 'Ee'
2026-02-27 13:06:10 [Runner] set_level: OCR cannot read level (check level_roi in YAML)
2026-02-27 13:06:11 [OCR] psm=8 text: 'Ee'
2026-02-27 13:06:12 [OCR] psm=8 text: 'Ee'
2026-02-27 13:06:12 [OCR] psm=7 text: 'EVs'
2026-02-27 13:06:13 [OCR] psm=7 text: 'EVs'
2026-02-27 13:06:14 [OCR] psm=6 text: 'LV.0\nT_i'
2026-02-27 13:06:15 [OCR] psm=6 text: 'LV.0\nTi'
2026-02-27 13:06:15 [OCR] psm=13 text: 'Ee'
2026-02-27 13:06:16 [OCR] psm=13 text: 'Ee'
2026-02-27 13:06:16 [Runner] set_level: timeout before reaching Lv.10
2026-02-27 13:06:16 === End ===
2026-02-27 13:06:16 Done.
