2026-02-27 15:54:27 === Start ===
2026-02-27 15:54:27 [Env] Loaded from .env: PIN_PASSWORD
2026-02-27 15:54:27 WindowCapture: client size = 2518x1725, screen offset = (648, 325)
2026-02-27 15:54:27 Global hotkey: {'l': 'PinLoggin', 'b': 'FightBoomer', 't': 'ClickTreasure', 'h': 'HelpAlliance', 'm': 'CheckMail'} | Press same key to stop | Ctrl+Esc = quit
2026-02-27 15:54:27 Function priorities: {'PinLoggin': 1, 'FightBoomer': 2, 'ClickTreasure': 4, 'HelpAlliance': 100, 'CheckMail': 50}
2026-02-27 15:54:27 Function enabled: {'PinLoggin': True, 'FightBoomer': True, 'ClickTreasure': True, 'HelpAlliance': True, 'CheckMail': True}
2026-02-27 15:54:27 Auto cron: [('PinLoggin', '*/30 * * * *'), ('HelpAlliance', '*/15 * * * *'), ('CheckMail', '0 */5 * * *')]
2026-02-27 15:54:27 Cron next run: PinLoggin at 2026-02-27 16:00:00
2026-02-27 15:54:27 Cron next run: HelpAlliance at 2026-02-27 16:00:00
2026-02-27 15:54:27 Cron next run: CheckMail at 2026-02-27 20:00:00
2026-02-27 15:54:30 [Runner] Started function: FightBoomer
2026-02-27 15:54:35 [Runner] click_unless_visible: buttons_template/MagnifierButton.png not found — clicked buttons_template/WorldButton.png
2026-02-27 15:54:36 [Runner] match_click buttons_template/MagnifierButton.png (count 1)
2026-02-27 15:54:38 [Runner] match_click buttons_template/BoomerButton.png (count 1)
2026-02-27 15:54:39 [OCR] psm=7 raw='Lv.9'
2026-02-27 15:54:39 [OCR] psm=7 -> Lv.9 from 'Lv.9'
2026-02-27 15:54:39 [Runner] set_level: ROI saved to debug_set_level_roi.png
2026-02-27 15:54:39 [Runner] set_level: already at Lv.9, done
2026-02-27 15:54:41 [Runner] match_click buttons_template/SearchButton.png (count 1)
2026-02-27 15:54:43 [Runner] match_click buttons_template/TeamUp.png (count 1)
2026-02-27 15:54:44 [Runner] match_click buttons_template/March.png (count 1)
2026-02-27 15:54:45 [Runner] Finished function: FightBoomer
2026-02-27 15:55:04 === End ===
2026-02-27 15:55:04 Done.
