2026-02-27 13:27:05 === Start ===
2026-02-27 13:27:05 WindowCapture: client size = 2518x1725, screen offset = (1464, 202)
2026-02-27 13:27:05 Global hotkey: {'m': 'CheckMail', 't': 'ClickTreasure', 'b': 'FightBoomer'} = run function. Press same key again (e.g. t) to stop. Ctrl+Esc = quit
2026-02-27 13:27:05 Auto cron: [('CheckMail', '0 */5 * * *')]
2026-02-27 13:27:05 Cron next run: CheckMail at 2026-02-27 15:00:00
2026-02-27 13:27:07 [Runner] Started function: FightBoomer
2026-02-27 13:27:08 [Runner] match_click buttons_template/MagnifierButton.png (count 1)
2026-02-27 13:27:10 [Runner] match_click buttons_template/BoomerButton.png (count 1)
2026-02-27 13:27:12 [OCR] psm=7 raw='Lv.3'
2026-02-27 13:27:12 [OCR] psm=7 -> Lv.3 from 'Lv.3'
2026-02-27 13:27:12 [Runner] set_level: ROI saved to debug_set_level_roi.png
2026-02-27 13:27:12 [Runner] set_level: Lv.3 -> click Plus (target Lv.10)
2026-02-27 13:27:14 [OCR] psm=7 raw='Lv.4'
2026-02-27 13:27:14 [OCR] psm=7 -> Lv.4 from 'Lv.4'
2026-02-27 13:27:14 [Runner] set_level: Lv.4 -> click Plus (target Lv.10)
2026-02-27 13:27:16 [OCR] psm=7 raw='Lv.5'
2026-02-27 13:27:16 [OCR] psm=7 -> Lv.5 from 'Lv.5'
2026-02-27 13:27:16 [Runner] set_level: Lv.5 -> click Plus (target Lv.10)
2026-02-27 13:27:18 [OCR] psm=7 raw='Lv.6'
2026-02-27 13:27:18 [OCR] psm=7 -> Lv.6 from 'Lv.6'
2026-02-27 13:27:18 [Runner] set_level: Lv.6 -> click Plus (target Lv.10)
2026-02-27 13:27:20 [OCR] psm=7 raw='Lv./'
2026-02-27 13:27:20 [OCR] psm=7 raw='Lv./'
2026-02-27 13:27:20 [OCR] psm=8 raw='Lv.7 |'
2026-02-27 13:27:20 [OCR] psm=8 -> Lv.7 from 'Lv.7 |'
2026-02-27 13:27:21 [Runner] set_level: Lv.7 -> click Plus (target Lv.10)
2026-02-27 13:27:22 [OCR] psm=7 raw='Lv.8'
2026-02-27 13:27:22 [OCR] psm=7 -> Lv.8 from 'Lv.8'
2026-02-27 13:27:23 [Runner] set_level: Lv.8 -> click Plus (target Lv.10)
2026-02-27 13:27:24 [OCR] psm=7 raw='Lv.9'
2026-02-27 13:27:24 [OCR] psm=7 -> Lv.9 from 'Lv.9'
2026-02-27 13:27:25 [Runner] set_level: Lv.9 -> click Plus (target Lv.10)
2026-02-27 13:27:26 [OCR] psm=7 raw='Lv.10 |'
2026-02-27 13:27:26 [OCR] psm=7 -> Lv.10 from 'Lv.10 |'
2026-02-27 13:27:26 [Runner] set_level: already at Lv.10, done
2026-02-27 13:27:28 [Runner] match_click buttons_template/SearchButton.png (count 1)
2026-02-27 13:27:30 [Runner] match_click buttons_template/TeamUp.png (count 1)
2026-02-27 13:27:31 [Runner] match_click buttons_template/March.png (count 1)
2026-02-27 13:27:32 [Runner] Finished function: FightBoomer
2026-02-27 13:27:37 === End ===
2026-02-27 13:27:37 Done.
