2026-02-27 15:45:07 === Start ===
2026-02-27 15:45:07 [Env] Loaded from .env: PIN_PASSWORD
2026-02-27 15:45:07 WindowCapture: client size = 2518x1725, screen offset = (1416, 425)
2026-02-27 15:45:07 Global hotkey: {'l': 'PinLoggin', 'b': 'FightBoomer', 't': 'ClickTreasure', 'h': 'HelpAlliance', 'm': 'CheckMail'} | Press same key to stop | Ctrl+Esc = quit
2026-02-27 15:45:07 Function priorities: {'PinLoggin': 1, 'FightBoomer': 2, 'ClickTreasure': 4, 'HelpAlliance': 100, 'CheckMail': 50}
2026-02-27 15:45:07 Function enabled: {'PinLoggin': True, 'FightBoomer': True, 'ClickTreasure': True, 'HelpAlliance': True, 'CheckMail': True}
2026-02-27 15:45:07 Auto cron: [('PinLoggin', '*/30 * * * *'), ('HelpAlliance', '*/15 * * * *'), ('CheckMail', '0 */5 * * *')]
2026-02-27 15:45:07 Cron next run: PinLoggin at 2026-02-27 16:00:00
2026-02-27 15:45:07 Cron next run: HelpAlliance at 2026-02-27 16:00:00
2026-02-27 15:45:07 Cron next run: CheckMail at 2026-02-27 20:00:00
2026-02-27 15:45:10 [Runner] Started function: FightBoomer
2026-02-27 15:45:12 [Runner] match_click buttons_template/MagnifierButton.png not visible — clicked fallback buttons_template/WorldButton.png
2026-02-27 15:45:14 [Runner] match_click buttons_template/MagnifierButton.png (count 1)
2026-02-27 15:45:16 [Runner] match_click buttons_template/BoomerButton.png (count 1)
2026-02-27 15:45:19 [OCR] psm=7 raw='Lv.10.'
2026-02-27 15:45:19 [OCR] psm=7 -> Lv.10 from 'Lv.10.'
2026-02-27 15:45:19 [Runner] set_level: ROI saved to debug_set_level_roi.png
2026-02-27 15:45:20 [Runner] set_level: Lv.10 -> click Minus (target Lv.9)
2026-02-27 15:45:21 [OCR] psm=7 raw='Lv.9'
2026-02-27 15:45:21 [OCR] psm=7 -> Lv.9 from 'Lv.9'
2026-02-27 15:45:21 [Runner] set_level: already at Lv.9, done
2026-02-27 15:45:23 [Runner] match_click buttons_template/SearchButton.png (count 1)
2026-02-27 15:45:25 [Runner] match_click buttons_template/TeamUp.png (count 1)
2026-02-27 15:45:26 [Runner] match_click buttons_template/March.png (count 1)
2026-02-27 15:45:27 [Runner] Finished function: FightBoomer
2026-02-27 15:45:37 === End ===
2026-02-27 15:45:37 Done.
