2026-02-27 19:09:15 === Start ===
2026-02-27 19:09:15 [Env] Loaded from .env: PIN_PASSWORD
2026-02-27 19:09:15 [bot_engine] Failed to load template buttons_template/SoliderBackButton.png: Khong tim thay anh: buttons_template/SoliderBackButton.png
2026-02-27 19:09:15 WindowCapture: client size = 2801x1897, screen offset = (1962, 232)
2026-02-27 19:09:15 Global hotkey: {'l': 'PinLoggin', 'b': 'FightBoomer', 't': 'ClickTreasure', 'c': 'CollectExplorationReward', 's': 'SoliderTrain', 'h': 'HelpAlliance', 'm': 'CheckMail'} | Press same key to stop | Ctrl+Esc = quit
2026-02-27 19:09:15 Function priorities: {'PinLoggin': 1, 'FightBoomer': 2, 'ClickTreasure': 4, 'CollectExplorationReward': 98, 'SoliderTrain': 99, 'HelpAlliance': 100, 'CheckMail': 50}
2026-02-27 19:09:15 Function enabled: {'PinLoggin': True, 'FightBoomer': True, 'ClickTreasure': True, 'CollectExplorationReward': True, 'SoliderTrain': True, 'HelpAlliance': True, 'CheckMail': True}
2026-02-27 19:09:15 Auto cron: [('PinLoggin', '*/30 * * * *'), ('CollectExplorationReward', '0 */8 * * *'), ('SoliderTrain', '0 */6 * * *'), ('HelpAlliance', '*/15 * * * *'), ('CheckMail', '0 */5 * * *')]
2026-02-27 19:09:15 Cron next run: PinLoggin at 2026-02-27 19:30:00
2026-02-27 19:09:15 Cron next run: CollectExplorationReward at 2026-02-28 00:00:00
2026-02-27 19:09:15 Cron next run: SoliderTrain at 2026-02-28 00:00:00
2026-02-27 19:09:15 Cron next run: HelpAlliance at 2026-02-27 19:15:00
2026-02-27 19:09:15 Cron next run: CheckMail at 2026-02-27 20:00:00
2026-02-27 19:09:20 [Runner] Started function: PinLoggin
2026-02-27 19:09:29 [Runner] match_count buttons_template/PasswordSlot.png: timeout — found 0 < 6 — false
2026-02-27 19:09:29 [Runner] Aborting function 'PinLoggin' — step 'match_click' blocked (previous step returned false)
2026-02-27 19:09:29 [Runner] Finished function: PinLoggin (aborted)
2026-02-27 19:10:01 [Runner] Started function: PinLoggin
2026-02-27 19:10:10 [Runner] match_count buttons_template/PasswordSlot.png: timeout — found 0 < 6 — false
2026-02-27 19:10:10 [Runner] Aborting function 'PinLoggin' — step 'match_click' blocked (previous step returned false)
2026-02-27 19:10:10 [Runner] Finished function: PinLoggin (aborted)
2026-02-27 19:10:17 === End ===
2026-02-27 19:10:17 Done.
