2026-02-28 11:51:39 === Start ===
2026-02-28 11:51:39 [Env] Loaded from .env: PIN_PASSWORD
2026-02-28 11:51:39 WindowCapture: client size = 2400x1600, screen offset = (1130, 376)
2026-02-28 11:51:39 Vision scale: 1.0 (window 2400x1600)
2026-02-28 11:51:39 Global hotkey: {'l': 'PinLoggin', 't': 'ClickTreasure', 'c': 'CollectExplorationReward', 's': 'SoliderTrain', 'h': 'HelpAlliance', 'm': 'CheckMail', 'd': 'DonateAllianceTech'} | Press same key to stop | Ctrl+Esc = quit
2026-02-28 11:51:39 Function priorities: {'PinLoggin': 1, 'FightBoomer': 2, 'ClickTreasure': 4, 'CollectExplorationReward': 98, 'SoliderTrain': 99, 'HelpAlliance': 100, 'CheckMail': 50, 'DonateAllianceTech': 60}
2026-02-28 11:51:39 Function enabled: {'PinLoggin': True, 'FightBoomer': False, 'ClickTreasure': True, 'CollectExplorationReward': True, 'SoliderTrain': True, 'HelpAlliance': True, 'CheckMail': True, 'DonateAllianceTech': True}
2026-02-28 11:51:39 Auto cron: [('PinLoggin', '*/30 * * * *'), ('CollectExplorationReward', '0 */8 * * *'), ('SoliderTrain', '0 */6 * * *'), ('HelpAlliance', '*/2 * * * *'), ('CheckMail', '0 */5 * * *')]
2026-02-28 11:51:39 Cron next run: HelpAlliance at 2026-02-28 11:52:00
2026-02-28 11:51:39 Cron next run: PinLoggin at 2026-02-28 12:00:00
2026-02-28 11:51:39 Cron next run: SoliderTrain at 2026-02-28 12:00:00
2026-02-28 11:51:39 Cron next run: CheckMail at 2026-02-28 15:00:00
2026-02-28 11:51:39 Cron next run: CollectExplorationReward at 2026-02-28 16:00:00
2026-02-28 11:51:39 [AttackDetector] red_ratio=0.099 threshold=0.13 attacked=False clear_countdown=0.0s
2026-02-28 11:51:42 [AttackDetector] red_ratio=0.099 threshold=0.13 attacked=False clear_countdown=0.0s
2026-02-28 11:51:44 [AttackDetector] red_ratio=0.099 threshold=0.13 attacked=False clear_countdown=0.0s
2026-02-28 11:51:46 [AttackDetector] red_ratio=0.096 threshold=0.13 attacked=False clear_countdown=0.0s
2026-02-28 11:51:47 [Alert] House is being attacked! (red_ratio=0.172)
2026-02-28 11:51:48 [AttackDetector] red_ratio=0.256 threshold=0.13 attacked=True clear_countdown=0.0s
2026-02-28 11:51:50 [AttackDetector] red_ratio=0.255 threshold=0.13 attacked=True clear_countdown=0.0s
2026-02-28 11:51:52 [AttackDetector] red_ratio=0.255 threshold=0.13 attacked=True clear_countdown=0.0s
2026-02-28 11:51:54 [AttackDetector] red_ratio=0.255 threshold=0.13 attacked=True clear_countdown=0.0s
2026-02-28 11:51:57 [AttackDetector] red_ratio=0.218 threshold=0.13 attacked=True clear_countdown=0.0s
2026-02-28 11:51:59 [AttackDetector] red_ratio=0.218 threshold=0.13 attacked=True clear_countdown=0.0s
2026-02-28 11:52:00 Cron next run: HelpAlliance at 2026-02-28 11:54:00
2026-02-28 11:52:00 [Runner] Started function: HelpAlliance
2026-02-28 11:52:02 === End ===
2026-02-28 11:52:02 Done.
