2026-02-28 11:00:29 === Start ===
2026-02-28 11:00:29 [Env] Loaded from .env: PIN_PASSWORD
2026-02-28 11:00:29 WindowCapture: client size = 2400x1600, screen offset = (1984, 170)
2026-02-28 11:00:29 Vision scale: 1.0 (window 2400x1600)
2026-02-28 11:00:29 Global hotkey: {'l': 'PinLoggin', 'b': 'FightBoomer', 't': 'ClickTreasure', 'c': 'CollectExplorationReward', 's': 'SoliderTrain', 'h': 'HelpAlliance', 'm': 'CheckMail', 'd': 'DonateAllianceTech'} | Press same key to stop | Ctrl+Esc = quit
2026-02-28 11:00:29 Function priorities: {'PinLoggin': 1, 'FightBoomer': 2, 'ClickTreasure': 4, 'CollectExplorationReward': 98, 'SoliderTrain': 99, 'HelpAlliance': 100, 'CheckMail': 50, 'DonateAllianceTech': 60}
2026-02-28 11:00:29 Function enabled: {'PinLoggin': True, 'FightBoomer': True, 'ClickTreasure': True, 'CollectExplorationReward': True, 'SoliderTrain': True, 'HelpAlliance': True, 'CheckMail': True, 'DonateAllianceTech': True}
2026-02-28 11:00:29 Auto cron: [('PinLoggin', '*/30 * * * *'), ('FightBoomer', '*/2 * * * *'), ('CollectExplorationReward', '0 */8 * * *'), ('SoliderTrain', '0 */6 * * *'), ('HelpAlliance', '*/2 * * * *'), ('CheckMail', '0 */5 * * *')]
2026-02-28 11:00:29 Cron next run: FightBoomer at 2026-02-28 11:02:00
2026-02-28 11:00:29 Cron next run: HelpAlliance at 2026-02-28 11:02:00
2026-02-28 11:00:29 Cron next run: PinLoggin at 2026-02-28 11:30:00
2026-02-28 11:00:29 Cron next run: SoliderTrain at 2026-02-28 12:00:00
2026-02-28 11:00:29 Cron next run: CheckMail at 2026-02-28 15:00:00
2026-02-28 11:00:29 Cron next run: CollectExplorationReward at 2026-02-28 16:00:00
2026-02-28 11:02:00 Cron next run: FightBoomer at 2026-02-28 11:04:00
2026-02-28 11:02:00 [Runner] Started function: FightBoomer
2026-02-28 11:02:00 Cron next run: HelpAlliance at 2026-02-28 11:04:00
2026-02-28 11:02:00 [Scheduler] HelpAlliance (priority=100) blocked by FightBoomer (priority=2) [cron] -> queued
2026-02-28 11:02:00 [Scheduler] HelpAlliance queued (priority=100, reason=cron)
2026-02-28 11:02:00 [Runner] click_unless_visible WorldButton → true (visible, skip nav)
2026-02-28 11:02:01 [Runner] match_click MagnifierButton → true (clicked)
2026-02-28 11:02:03 [Runner] sleep 1s → true
2026-02-28 11:02:03 [Runner] match_click BoomerButton → true (clicked)
2026-02-28 11:02:04 [Runner] sleep 0.5s → true
2026-02-28 11:02:05 [OCR] psm=7 raw='Lv.10_'
2026-02-28 11:02:05 [OCR] psm=7 -> Lv.10 from 'Lv.10_'
2026-02-28 11:02:05 [Runner] set_level: ROI saved to debug_set_level_roi.png
2026-02-28 11:02:05 [Runner] set_level: already at Lv.10, done
2026-02-28 11:02:06 [Runner] sleep 0.5s → true
2026-02-28 11:02:07 [Runner] match_click SearchButton → true (clicked)
2026-02-28 11:02:07 [Runner] sleep 0.5s → true
2026-02-28 11:02:09 [Runner] match_click TeamUp → true (clicked)
2026-02-28 11:02:09 [Runner] sleep 0.5s → true
2026-02-28 11:02:10 [Runner] match_click March → true (clicked)
2026-02-28 11:02:10 [Runner] Finished function: FightBoomer
2026-02-28 11:02:10 [Scheduler] HelpAlliance dequeued and starting (priority=100)
2026-02-28 11:02:10 [Runner] Started function: HelpAlliance
2026-02-28 11:02:11 [Runner] match_click HelpAlliance → true (clicked)
2026-02-28 11:02:12 [Runner] Finished function: HelpAlliance
2026-02-28 11:04:00 Cron next run: FightBoomer at 2026-02-28 11:06:00
2026-02-28 11:04:00 [Runner] Started function: FightBoomer
2026-02-28 11:04:00 Cron next run: HelpAlliance at 2026-02-28 11:06:00
2026-02-28 11:04:00 [Scheduler] HelpAlliance (priority=100) blocked by FightBoomer (priority=2) [cron] -> queued
2026-02-28 11:04:00 [Scheduler] HelpAlliance queued (priority=100, reason=cron)
2026-02-28 11:04:01 [Runner] click_unless_visible WorldButton → true (visible, skip nav)
2026-02-28 11:04:02 [Runner] match_click MagnifierButton → true (clicked)
2026-02-28 11:04:03 [Runner] sleep 1s → true
2026-02-28 11:04:04 [Runner] match_click BoomerButton → true (clicked)
2026-02-28 11:04:04 [Runner] sleep 0.5s → true
2026-02-28 11:04:05 [OCR] psm=7 raw='Lv.10_'
2026-02-28 11:04:05 [OCR] psm=7 -> Lv.10 from 'Lv.10_'
2026-02-28 11:04:05 [Runner] set_level: ROI saved to debug_set_level_roi.png
2026-02-28 11:04:05 [Runner] set_level: already at Lv.10, done
2026-02-28 11:04:06 [Runner] sleep 0.5s → true
2026-02-28 11:04:07 [Runner] match_click SearchButton → true (clicked)
2026-02-28 11:04:07 [Runner] sleep 0.5s → true
2026-02-28 11:04:09 [Runner] match_click TeamUp → true (clicked)
2026-02-28 11:04:10 [Runner] sleep 0.5s → true
2026-02-28 11:04:11 [Runner] match_click March → true (clicked)
2026-02-28 11:04:11 [Runner] Finished function: FightBoomer
2026-02-28 11:04:11 [Scheduler] HelpAlliance dequeued and starting (priority=100)
2026-02-28 11:04:11 [Runner] Started function: HelpAlliance
2026-02-28 11:04:12 [Runner] match_click HelpAlliance → true (clicked)
2026-02-28 11:04:12 [Runner] Finished function: HelpAlliance
2026-02-28 11:05:16 === End ===
2026-02-28 11:05:16 Done.
