2026-02-28 11:45:41 === Start ===
2026-02-28 11:45:41 [Env] Loaded from .env: PIN_PASSWORD
2026-02-28 11:45:41 WindowCapture: client size = 2400x1600, screen offset = (1130, 376)
2026-02-28 11:45:41 Vision scale: 1.0 (window 2400x1600)
2026-02-28 11:45:41 Global hotkey: {'l': 'PinLoggin', 't': 'ClickTreasure', 'c': 'CollectExplorationReward', 's': 'SoliderTrain', 'h': 'HelpAlliance', 'm': 'CheckMail', 'd': 'DonateAllianceTech'} | Press same key to stop | Ctrl+Esc = quit
2026-02-28 11:45:41 Function priorities: {'PinLoggin': 1, 'FightBoomer': 2, 'ClickTreasure': 4, 'CollectExplorationReward': 98, 'SoliderTrain': 99, 'HelpAlliance': 100, 'CheckMail': 50, 'DonateAllianceTech': 60}
2026-02-28 11:45:41 Function enabled: {'PinLoggin': True, 'FightBoomer': False, 'ClickTreasure': True, 'CollectExplorationReward': True, 'SoliderTrain': True, 'HelpAlliance': True, 'CheckMail': True, 'DonateAllianceTech': True}
2026-02-28 11:45:41 Auto cron: [('PinLoggin', '*/30 * * * *'), ('CollectExplorationReward', '0 */8 * * *'), ('SoliderTrain', '0 */6 * * *'), ('HelpAlliance', '*/2 * * * *'), ('CheckMail', '0 */5 * * *')]
2026-02-28 11:45:41 Cron next run: HelpAlliance at 2026-02-28 11:46:00
2026-02-28 11:45:41 Cron next run: PinLoggin at 2026-02-28 12:00:00
2026-02-28 11:45:41 Cron next run: SoliderTrain at 2026-02-28 12:00:00
2026-02-28 11:45:41 Cron next run: CheckMail at 2026-02-28 15:00:00
2026-02-28 11:45:41 Cron next run: CollectExplorationReward at 2026-02-28 16:00:00
2026-02-28 11:46:00 Cron next run: HelpAlliance at 2026-02-28 11:48:00
2026-02-28 11:46:00 [Runner] Started function: HelpAlliance
2026-02-28 11:46:06 [Runner] match_click HelpAlliance → false (not found in 5s)
2026-02-28 11:46:06 [Runner] Finished function: HelpAlliance
2026-02-28 11:46:08 [Alert] House is being attacked! (red_ratio=0.130)
2026-02-28 11:47:33 [Alert] Attack has ended. (red_ratio=0.023)
2026-02-28 11:47:54 [Alert] House is being attacked! (red_ratio=0.131)
2026-02-28 11:48:00 Cron next run: HelpAlliance at 2026-02-28 11:50:00
2026-02-28 11:48:00 [Runner] Started function: HelpAlliance
2026-02-28 11:48:00 [Runner] match_click HelpAlliance → true (clicked)
2026-02-28 11:48:01 [Runner] Finished function: HelpAlliance
2026-02-28 11:49:13 [Alert] Attack has ended. (red_ratio=0.072)
2026-02-28 11:49:16 [Alert] House is being attacked! (red_ratio=0.257)
2026-02-28 11:50:00 Cron next run: HelpAlliance at 2026-02-28 11:52:00
2026-02-28 11:50:00 [Runner] Started function: HelpAlliance
2026-02-28 11:50:01 [Runner] match_click HelpAlliance → true (clicked)
2026-02-28 11:50:01 [Runner] Finished function: HelpAlliance
2026-02-28 11:50:22 === End ===
2026-02-28 11:50:22 Done.
