2026-02-28 13:47:49 === Start ===
2026-02-28 13:47:49 [Env] Loaded from .env: PIN_PASSWORD
2026-02-28 13:47:49 WindowCapture: client size = 2400x1600, screen offset = (2146, 374)
2026-02-28 13:47:49 Vision scale: 1.0 (window 2400x1600)
2026-02-28 13:47:49 Global hotkey: {'l': 'PinLoggin', 't': 'ClickTreasure', 'c': 'CollectExplorationReward', 's': 'SoliderTrain', 'h': 'HelpAlliance', 'm': 'CheckMail', 'd': 'DonateAllianceTech', 'o': 'TurnOnShield'} | Press same key to stop | Ctrl+Esc = quit
2026-02-28 13:47:49 Function priorities: {'PinLoggin': 1, 'FightBoomer': 2, 'ClickTreasure': 4, 'CollectExplorationReward': 98, 'SoliderTrain': 99, 'HelpAlliance': 100, 'CheckMail': 50, 'DonateAllianceTech': 60, 'TurnOnShield': 1}
2026-02-28 13:47:49 Function enabled: {'PinLoggin': True, 'FightBoomer': False, 'ClickTreasure': True, 'CollectExplorationReward': True, 'SoliderTrain': True, 'HelpAlliance': True, 'CheckMail': True, 'DonateAllianceTech': True, 'TurnOnShield': True}
2026-02-28 13:47:49 Auto cron: [('PinLoggin', '*/30 * * * *'), ('CollectExplorationReward', '0 */8 * * *'), ('SoliderTrain', '0 */6 * * *'), ('HelpAlliance', '*/2 * * * *'), ('CheckMail', '0 */5 * * *')]
2026-02-28 13:47:49 Attack triggers: ['TurnOnShield']
2026-02-28 13:47:49 Cron next run: HelpAlliance at 2026-02-28 13:48:00
2026-02-28 13:47:49 Cron next run: PinLoggin at 2026-02-28 14:00:00
2026-02-28 13:47:49 Cron next run: CheckMail at 2026-02-28 15:00:00
2026-02-28 13:47:49 Cron next run: CollectExplorationReward at 2026-02-28 16:00:00
2026-02-28 13:47:49 Cron next run: SoliderTrain at 2026-02-28 18:00:00
2026-02-28 13:47:51 [Runner] Started function: TurnOnShield
2026-02-28 13:47:53 [Runner] match_click HeadquartersButton → true (clicked)
2026-02-28 13:47:56 [Runner] match_click WorldButton → true (clicked)
2026-02-28 13:47:56 [Runner] sleep 0.5s → true
2026-02-28 13:47:57 [Runner] click_position (0.5, 0.5) → true
2026-02-28 13:47:58 [Runner] sleep 0.5s → true
2026-02-28 13:48:00 [Runner] match_click CityWallIcon → true (clicked)
2026-02-28 13:48:00 Cron next run: HelpAlliance at 2026-02-28 13:50:00
2026-02-28 13:48:00 [Scheduler] HelpAlliance (priority=100) blocked by TurnOnShield (priority=1) [cron] -> queued
2026-02-28 13:48:00 [Scheduler] HelpAlliance queued (priority=100, reason=cron)
2026-02-28 13:48:01 [Runner] sleep 0.5s → true
2026-02-28 13:48:02 [Runner] match_click PeaceShield → true (clicked)
2026-02-28 13:48:03 [Runner] sleep 0.5s → true
2026-02-28 13:48:06 [Runner] Finished function: TurnOnShield
2026-02-28 13:48:06 [Scheduler] HelpAlliance dequeued and starting (priority=100)
2026-02-28 13:48:06 [Runner] Started function: HelpAlliance
2026-02-28 13:48:10 === End ===
2026-02-28 13:48:10 Done.
