2026-02-28 13:38:11 === Start ===
2026-02-28 13:38:11 [Env] Loaded from .env: PIN_PASSWORD
2026-02-28 13:38:11 WindowCapture: client size = 2400x1600, screen offset = (2146, 374)
2026-02-28 13:38:11 Vision scale: 1.0 (window 2400x1600)
2026-02-28 13:38:11 Global hotkey: {'l': 'PinLoggin', 't': 'ClickTreasure', 'c': 'CollectExplorationReward', 's': 'SoliderTrain', 'h': 'HelpAlliance', 'm': 'CheckMail', 'd': 'DonateAllianceTech', 'o': 'TurnOnShield'} | Press same key to stop | Ctrl+Esc = quit
2026-02-28 13:38:11 Function priorities: {'PinLoggin': 1, 'FightBoomer': 2, 'ClickTreasure': 4, 'CollectExplorationReward': 98, 'SoliderTrain': 99, 'HelpAlliance': 100, 'CheckMail': 50, 'DonateAllianceTech': 60, 'TurnOnShield': 1}
2026-02-28 13:38:11 Function enabled: {'PinLoggin': True, 'FightBoomer': False, 'ClickTreasure': True, 'CollectExplorationReward': True, 'SoliderTrain': True, 'HelpAlliance': True, 'CheckMail': True, 'DonateAllianceTech': True, 'TurnOnShield': True}
2026-02-28 13:38:11 Auto cron: [('PinLoggin', '*/30 * * * *'), ('CollectExplorationReward', '0 */8 * * *'), ('SoliderTrain', '0 */6 * * *'), ('HelpAlliance', '*/2 * * * *'), ('CheckMail', '0 */5 * * *')]
2026-02-28 13:38:11 Attack triggers: ['TurnOnShield']
2026-02-28 13:38:11 Cron next run: HelpAlliance at 2026-02-28 13:40:00
2026-02-28 13:38:11 Cron next run: PinLoggin at 2026-02-28 14:00:00
2026-02-28 13:38:11 Cron next run: CheckMail at 2026-02-28 15:00:00
2026-02-28 13:38:11 Cron next run: CollectExplorationReward at 2026-02-28 16:00:00
2026-02-28 13:38:11 Cron next run: SoliderTrain at 2026-02-28 18:00:00
2026-02-28 13:38:16 [Runner] Started function: TurnOnShield
2026-02-28 13:38:18 [Vision.find] groupRect=(2254,1460,144,126) needle=(144x126) scale=1.0 → center=(2326,1523)
2026-02-28 13:38:18 [Runner] match_click HeadquartersButton | raw_center=(2326,1523) needle=(144x126) offset=(0.0,0.0) after_offset=(2326,1523) screen=(4472,1897)
2026-02-28 13:38:18 [Runner] match_click HeadquartersButton | intended=(4472,1897) actual=(4472,1897) diff=(0,0)
2026-02-28 13:38:18 [Runner] match_click HeadquartersButton → true (clicked)
2026-02-28 13:38:20 [Vision.find] groupRect=(2256,1464,128,128) needle=(128x128) scale=1.0 → center=(2320,1528)
2026-02-28 13:38:20 [Runner] match_click WorldButton | raw_center=(2320,1528) needle=(128x128) offset=(0.0,0.0) after_offset=(2320,1528) screen=(4466,1902)
2026-02-28 13:38:20 [Runner] match_click WorldButton | intended=(4466,1902) actual=(4466,1902) diff=(0,0)
2026-02-28 13:38:20 [Runner] match_click WorldButton → true (clicked)
2026-02-28 13:38:21 [Runner] sleep 0.5s → true
2026-02-28 13:38:22 [Runner] click_position (0.5, 0.5) → true
2026-02-28 13:38:23 [Runner] sleep 0.5s → true
2026-02-28 13:38:24 [Vision.find] groupRect=(1228,946,76,62) needle=(76x62) scale=1.0 → center=(1266,977)
2026-02-28 13:38:24 [Runner] match_click CityWallIcon | raw_center=(1266,977) needle=(76x62) offset=(0.0,0.0) after_offset=(1266,977) screen=(3412,1351)
2026-02-28 13:38:24 [Runner] match_click CityWallIcon | intended=(3412,1351) actual=(3412,1351) diff=(0,0)
2026-02-28 13:38:24 [Runner] match_click CityWallIcon → true (clicked)
2026-02-28 13:38:25 [Runner] sleep 0.5s → true
2026-02-28 13:38:26 [Vision.find] groupRect=(856,550,692,202) needle=(692x202) scale=1.0 → center=(1202,651)
2026-02-28 13:38:26 [Runner] match_click PeaceShield | raw_center=(1202,651) needle=(692x202) offset=(0.48,0.0) after_offset=(1534,651) screen=(3680,1025)
2026-02-28 13:38:26 [Runner] match_click PeaceShield | intended=(3680,1025) actual=(3680,1025) diff=(0,0)
2026-02-28 13:38:26 [Runner] match_click PeaceShield → true (clicked)
2026-02-28 13:38:27 [Runner] sleep 0.5s → true
2026-02-28 13:38:29 [Vision.find] groupRect=(898,432,108,108) needle=(108x108) scale=1.0 → center=(952,486)
2026-02-28 13:38:29 [Vision.find] groupRect=(898,582,108,108) needle=(108x108) scale=1.0 → center=(952,636)
2026-02-28 13:38:29 [Runner] match_move test | raw_center=(952,486) needle=(108x108) offset=(0.0,0.0) after_offset=(952,486) screen=(3098,860)
2026-02-28 13:38:29 [Runner] debug_click saved → debug_match_move_test.png
2026-02-28 13:38:30 [Runner] match_move test → true | intended=(3098,860) actual=(3098,860) diff=(0,0)
2026-02-28 13:38:30 [Runner] Finished function: TurnOnShield
2026-02-28 13:38:38 === End ===
2026-02-28 13:38:38 Done.
