2026-02-27 18:46:25 === Start ===
2026-02-27 18:46:25 [Env] Loaded from .env: PIN_PASSWORD
2026-02-27 18:46:25 [bot_engine] Failed to load template buttons_template/SoliderBackButton.png: Khong tim thay anh: buttons_template/SoliderBackButton.png
2026-02-27 18:46:25 WindowCapture: client size = 3251x2013, screen offset = (1346, 299)
2026-02-27 18:46:25 Global hotkey: {'l': 'PinLoggin', 'b': 'FightBoomer', 't': 'ClickTreasure', 'c': 'CollectExplorationReward', 's': 'SoliderTrain', 'h': 'HelpAlliance', 'm': 'CheckMail'} | Press same key to stop | Ctrl+Esc = quit
2026-02-27 18:46:25 Function priorities: {'PinLoggin': 1, 'FightBoomer': 2, 'ClickTreasure': 4, 'CollectExplorationReward': 98, 'SoliderTrain': 99, 'HelpAlliance': 100, 'CheckMail': 50}
2026-02-27 18:46:25 Function enabled: {'PinLoggin': True, 'FightBoomer': True, 'ClickTreasure': True, 'CollectExplorationReward': True, 'SoliderTrain': True, 'HelpAlliance': True, 'CheckMail': True}
2026-02-27 18:46:25 Auto cron: [('PinLoggin', '*/30 * * * *'), ('CollectExplorationReward', '0 */8 * * *'), ('SoliderTrain', '0 */6 * * *'), ('HelpAlliance', '*/15 * * * *'), ('CheckMail', '0 */5 * * *')]
2026-02-27 18:46:25 Cron next run: PinLoggin at 2026-02-27 19:00:00
2026-02-27 18:46:25 Cron next run: CollectExplorationReward at 2026-02-28 00:00:00
2026-02-27 18:46:25 Cron next run: SoliderTrain at 2026-02-28 00:00:00
2026-02-27 18:46:25 Cron next run: HelpAlliance at 2026-02-27 19:00:00
2026-02-27 18:46:25 Cron next run: CheckMail at 2026-02-27 20:00:00
2026-02-27 18:46:28 [Runner] Started function: PinLoggin
2026-02-27 18:46:39 [Runner] wait_until_match: timeout (8s) — buttons_template/PasswordSlotArray.png not found, skipping
2026-02-27 18:46:44 [Runner] Stopped function: PinLoggin (hotkey toggle)
2026-02-27 18:47:01 [Runner] Started function: PinLoggin
2026-02-27 18:47:10 [Runner] wait_until_match: timeout (8s) — buttons_template/PasswordSlotArray.png not found, skipping
2026-02-27 18:47:16 [Runner] match_click buttons_template/PasswordSlot.png timeout (not found in 5s)
2026-02-27 18:47:17 === End ===
2026-02-27 18:47:17 Done.
