2026-02-27 12:34:45 === Start ===
2026-02-27 12:34:45 WindowCapture: client size = 2518x1725, screen offset = (2002, 478)
2026-02-27 12:34:45 Global hotkey: {'m': 'CheckMail', 't': 'ClickTreasure', 'b': 'FightBoomer'} = run function. Press same key again (e.g. t) to stop. Ctrl+Esc = quit
2026-02-27 12:34:45 Auto cron: [('CheckMail', '*/1 * * * *')]
2026-02-27 12:34:45 Cron next run: CheckMail at 2026-02-27 12:35:00
2026-02-27 12:34:47 [Runner] Started function: FightBoomer
2026-02-27 12:34:48 [Runner] match_click buttons_template/MagnifierButton.png (count 1)
2026-02-27 12:34:50 [Runner] match_click buttons_template/BoomerButton.png (count 1)
2026-02-27 12:34:51 [Runner] match_click buttons_template/PlusButton.png (count 1)
2026-02-27 12:35:00 [Runner] match_click buttons_template/PlusButton.png (count 10)
2026-02-27 12:35:00 [Runner] match_click buttons_template/PlusButton.png reached max_clicks=10
2026-02-27 12:35:02 [Runner] match_click buttons_template/SearchButton.png (count 1)
2026-02-27 12:35:04 [Runner] match_click buttons_template/TeamUp.png (count 1)
2026-02-27 12:35:06 [Runner] match_click buttons_template/March.png (count 1)
2026-02-27 12:35:06 [Runner] Finished function: FightBoomer
2026-02-27 12:35:06 [Runner] Started function: CheckMail
2026-02-27 12:35:06 [Auto] Running function: CheckMail (cron)
2026-02-27 12:35:07 [Runner] match_click buttons_template/Mail.png (count 1)
2026-02-27 12:35:09 [Runner] match_click buttons_template/AllianceButton.png (count 1)
2026-02-27 12:35:10 [Runner] match_click buttons_template/ClaimAll.png (count 1)
2026-02-27 12:35:13 === End ===
2026-02-27 12:35:13 Done.
