2026-02-27 19:18:47 === Start ===
2026-02-27 19:18:47 [Env] Loaded from .env: PIN_PASSWORD
2026-02-27 19:18:47 [bot_engine] Failed to load template buttons_template/SoliderBackButton.png: Khong tim thay anh: buttons_template/SoliderBackButton.png
2026-02-27 19:18:47 WindowCapture: client size = 2033x1519, screen offset = (2524, 594)
2026-02-27 19:18:47 Global hotkey: {'l': 'PinLoggin', 'b': 'FightBoomer', 't': 'ClickTreasure', 'c': 'CollectExplorationReward', 's': 'SoliderTrain', 'h': 'HelpAlliance', 'm': 'CheckMail'} | Press same key to stop | Ctrl+Esc = quit
2026-02-27 19:18:47 Function priorities: {'PinLoggin': 1, 'FightBoomer': 2, 'ClickTreasure': 4, 'CollectExplorationReward': 98, 'SoliderTrain': 99, 'HelpAlliance': 100, 'CheckMail': 50}
2026-02-27 19:18:47 Function enabled: {'PinLoggin': True, 'FightBoomer': True, 'ClickTreasure': True, 'CollectExplorationReward': True, 'SoliderTrain': True, 'HelpAlliance': True, 'CheckMail': True}
2026-02-27 19:18:47 Auto cron: [('PinLoggin', '*/30 * * * *'), ('CollectExplorationReward', '0 */8 * * *'), ('SoliderTrain', '0 */6 * * *'), ('HelpAlliance', '*/15 * * * *'), ('CheckMail', '0 */5 * * *')]
2026-02-27 19:18:47 Cron next run: PinLoggin at 2026-02-27 19:30:00
2026-02-27 19:18:47 Cron next run: CollectExplorationReward at 2026-02-28 00:00:00
2026-02-27 19:18:47 Cron next run: SoliderTrain at 2026-02-28 00:00:00
2026-02-27 19:18:47 Cron next run: HelpAlliance at 2026-02-27 19:30:00
2026-02-27 19:18:47 Cron next run: CheckMail at 2026-02-27 20:00:00
2026-02-27 19:18:56 [Runner] Started function: PinLoggin
2026-02-27 19:19:05 [Runner] match_count buttons_template/PasswordSlot.png: timeout — found 0 < 6 — false
2026-02-27 19:19:05 [Runner] match_count debug saved: screenshot=2033x1519 template=70x102 -> debug\match_count_PasswordSlot_20260227_191905_screenshot.png
2026-02-27 19:19:05 [Runner] Aborting function 'PinLoggin' — step 'match_click' blocked (previous step returned false)
2026-02-27 19:19:05 [Runner] Finished function: PinLoggin (aborted)
2026-02-27 19:19:11 === End ===
2026-02-27 19:19:11 Done.
