2026-02-27 16:22:35 === Start ===
2026-02-27 16:22:35 [Env] Loaded from .env: PIN_PASSWORD
2026-02-27 16:22:35 WindowCapture: client size = 2518x1725, screen offset = (1540, 379)
2026-02-27 16:22:35 Global hotkey: {'l': 'PinLoggin', 'b': 'FightBoomer', 't': 'ClickTreasure', 'c': 'CollectExplorationReward', 's': 'SoliderTrain', 'h': 'HelpAlliance', 'm': 'CheckMail'} | Press same key to stop | Ctrl+Esc = quit
2026-02-27 16:22:35 Function priorities: {'PinLoggin': 1, 'FightBoomer': 2, 'ClickTreasure': 4, 'CollectExplorationReward': 98, 'SoliderTrain': 99, 'HelpAlliance': 100, 'CheckMail': 50}
2026-02-27 16:22:35 Function enabled: {'PinLoggin': True, 'FightBoomer': True, 'ClickTreasure': True, 'CollectExplorationReward': True, 'SoliderTrain': True, 'HelpAlliance': True, 'CheckMail': True}
2026-02-27 16:22:35 Auto cron: [('PinLoggin', '*/30 * * * *'), ('CollectExplorationReward', '0 */8 * * *'), ('SoliderTrain', '0 */6 * * *'), ('HelpAlliance', '*/15 * * * *'), ('CheckMail', '0 */5 * * *')]
2026-02-27 16:22:35 Cron next run: PinLoggin at 2026-02-27 16:30:00
2026-02-27 16:22:35 Cron next run: CollectExplorationReward at 2026-02-28 00:00:00
2026-02-27 16:22:35 Cron next run: SoliderTrain at 2026-02-27 18:00:00
2026-02-27 16:22:35 Cron next run: HelpAlliance at 2026-02-27 16:30:00
2026-02-27 16:22:35 Cron next run: CheckMail at 2026-02-27 20:00:00
2026-02-27 16:22:40 [Runner] Started function: SoliderTrain
2026-02-27 16:22:47 [Runner] match_click buttons_template/HeadquartersButton.png timeout (not found in 5s)
2026-02-27 16:22:52 [Runner] match_click buttons_template/ShooterCollect.png timeout (not found in 5s)
2026-02-27 16:22:53 [Runner] match_multi_click buttons_template/SoliderTrain.png: found 1 match(es)
2026-02-27 16:22:54 [Runner] match_click buttons_template/AssaultCollect.png (count 1)
2026-02-27 16:23:00 [Runner] match_multi_click buttons_template/SoliderTrain.png: timeout (not found in 5s)
2026-02-27 16:23:00 [Runner] Finished function: SoliderTrain
2026-02-27 16:23:04 === End ===
2026-02-27 16:23:04 Done.
