2026-02-27 21:21:20 === Start ===
2026-02-27 21:21:20 [Env] Loaded from .env: PIN_PASSWORD
2026-02-27 21:21:20 [bot_engine] Failed to load template buttons_template/SoliderBackButton.png: Khong tim thay anh: buttons_template/SoliderBackButton.png
2026-02-27 21:21:20 WindowCapture: client size = 2400x1600, screen offset = (1122, 170)
2026-02-27 21:21:20 Vision scale: 1.0 (window 2400x1600)
2026-02-27 21:21:20 Global hotkey: {'l': 'PinLoggin', 'b': 'FightBoomer', 't': 'ClickTreasure', 'c': 'CollectExplorationReward', 's': 'SoliderTrain', 'h': 'HelpAlliance', 'm': 'CheckMail'} | Press same key to stop | Ctrl+Esc = quit
2026-02-27 21:21:20 Function priorities: {'PinLoggin': 1, 'FightBoomer': 2, 'ClickTreasure': 4, 'CollectExplorationReward': 98, 'SoliderTrain': 99, 'HelpAlliance': 100, 'CheckMail': 50}
2026-02-27 21:21:20 Function enabled: {'PinLoggin': True, 'FightBoomer': True, 'ClickTreasure': True, 'CollectExplorationReward': True, 'SoliderTrain': True, 'HelpAlliance': True, 'CheckMail': True}
2026-02-27 21:21:20 Auto cron: [('PinLoggin', '*/30 * * * *'), ('CollectExplorationReward', '0 */8 * * *'), ('SoliderTrain', '0 */6 * * *'), ('HelpAlliance', '*/15 * * * *'), ('CheckMail', '0 */5 * * *')]
2026-02-27 21:21:20 Cron next run: PinLoggin at 2026-02-27 21:30:00
2026-02-27 21:21:20 Cron next run: CollectExplorationReward at 2026-02-28 00:00:00
2026-02-27 21:21:20 Cron next run: SoliderTrain at 2026-02-28 00:00:00
2026-02-27 21:21:20 Cron next run: HelpAlliance at 2026-02-27 21:30:00
2026-02-27 21:21:20 Cron next run: CheckMail at 2026-02-28 00:00:00
2026-02-27 21:21:23 [Runner] Started function: FightBoomer
2026-02-27 21:21:23 [Runner] click_unless_visible: buttons_template/MagnifierButton.png found, skip clicking buttons_template/WorldButton.png
2026-02-27 21:21:25 [Runner] match_click buttons_template/MagnifierButton.png (count 1)
2026-02-27 21:21:27 [Runner] match_click buttons_template/BoomerButton.png (count 1)
2026-02-27 21:21:28 [OCR] psm=7 raw='Lv.9'
2026-02-27 21:21:28 [OCR] psm=7 -> Lv.9 from 'Lv.9'
2026-02-27 21:21:28 [Runner] set_level: ROI saved to debug_set_level_roi.png
2026-02-27 21:21:28 [Runner] set_level: already at Lv.9, done
2026-02-27 21:21:30 [Runner] match_click buttons_template/SearchButton.png (count 1)
2026-02-27 21:21:32 [Runner] match_click buttons_template/TeamUp.png (count 1)
2026-02-27 21:21:34 [Runner] match_click buttons_template/March.png (count 1)
2026-02-27 21:21:34 [Runner] Finished function: FightBoomer
2026-02-27 21:22:14 === End ===
2026-02-27 21:22:14 Done.
