2026-02-28 13:52:18 === Start ===
2026-02-28 13:52:18 [Env] Loaded from .env: PIN_PASSWORD
2026-02-28 13:52:18 WindowCapture: client size = 2400x1600, screen offset = (2146, 374)
2026-02-28 13:52:18 Vision scale: 1.0 (window 2400x1600)
2026-02-28 13:52:18 Global hotkey: {'l': 'PinLoggin', 't': 'ClickTreasure', 'c': 'CollectExplorationReward', 's': 'SoliderTrain', 'h': 'HelpAlliance', 'm': 'CheckMail', 'd': 'DonateAllianceTech', 'o': 'TurnOnShield'} | Press same key to stop | Ctrl+Esc = quit
2026-02-28 13:52:18 Function priorities: {'PinLoggin': 1, 'FightBoomer': 2, 'ClickTreasure': 4, 'CollectExplorationReward': 98, 'SoliderTrain': 99, 'HelpAlliance': 100, 'CheckMail': 50, 'DonateAllianceTech': 60, 'TurnOnShield': 1}
2026-02-28 13:52:18 Function enabled: {'PinLoggin': True, 'FightBoomer': False, 'ClickTreasure': True, 'CollectExplorationReward': True, 'SoliderTrain': True, 'HelpAlliance': True, 'CheckMail': True, 'DonateAllianceTech': True, 'TurnOnShield': True}
2026-02-28 13:52:18 Auto cron: [('PinLoggin', '*/30 * * * *'), ('CollectExplorationReward', '0 */8 * * *'), ('SoliderTrain', '0 */6 * * *'), ('HelpAlliance', '*/2 * * * *'), ('CheckMail', '0 */5 * * *')]
2026-02-28 13:52:18 Attack triggers: ['TurnOnShield']
2026-02-28 13:52:18 Cron next run: HelpAlliance at 2026-02-28 13:54:00
2026-02-28 13:52:18 Cron next run: PinLoggin at 2026-02-28 14:00:00
2026-02-28 13:52:18 Cron next run: CheckMail at 2026-02-28 15:00:00
2026-02-28 13:52:18 Cron next run: CollectExplorationReward at 2026-02-28 16:00:00
2026-02-28 13:52:18 Cron next run: SoliderTrain at 2026-02-28 18:00:00
2026-02-28 13:52:31 [Runner] Started function: TurnOnShield
2026-02-28 13:52:41 [Runner] sleep 10s → true
2026-02-28 13:52:42 [Runner] match_click HeadquartersButton → true (clicked)
2026-02-28 13:52:44 [Runner] sleep 1s → true
2026-02-28 13:52:46 [Runner] match_click WorldButton → true (clicked)
2026-02-28 13:52:47 [Runner] sleep 1s → true
2026-02-28 13:52:48 [Runner] click_position (0.5, 0.5) → true
2026-02-28 13:52:50 [Runner] sleep 1s → true
2026-02-28 13:52:51 [Runner] match_click CityWallIcon → true (clicked)
2026-02-28 13:52:53 [Runner] sleep 1s → true
2026-02-28 13:52:55 [Runner] match_click PeaceShield → true (clicked)
2026-02-28 13:52:56 [Runner] sleep 1s → true
2026-02-28 13:52:58 [Runner] Finished function: TurnOnShield
2026-02-28 13:53:06 === End ===
2026-02-28 13:53:06 Done.
