2026-02-28 12:01:34 === Start ===
2026-02-28 12:01:34 [Env] Loaded from .env: PIN_PASSWORD
2026-02-28 12:01:34 WindowCapture: client size = 2400x1600, screen offset = (1754, 458)
2026-02-28 12:01:34 Vision scale: 1.0 (window 2400x1600)
2026-02-28 12:01:34 Global hotkey: {'l': 'PinLoggin', 't': 'ClickTreasure', 'c': 'CollectExplorationReward', 's': 'SoliderTrain', 'h': 'HelpAlliance', 'm': 'CheckMail', 'd': 'DonateAllianceTech'} | Press same key to stop | Ctrl+Esc = quit
2026-02-28 12:01:34 Function priorities: {'PinLoggin': 1, 'FightBoomer': 2, 'ClickTreasure': 4, 'CollectExplorationReward': 98, 'SoliderTrain': 99, 'HelpAlliance': 100, 'CheckMail': 50, 'DonateAllianceTech': 60}
2026-02-28 12:01:34 Function enabled: {'PinLoggin': True, 'FightBoomer': False, 'ClickTreasure': True, 'CollectExplorationReward': True, 'SoliderTrain': True, 'HelpAlliance': True, 'CheckMail': True, 'DonateAllianceTech': True}
2026-02-28 12:01:34 Auto cron: [('PinLoggin', '*/30 * * * *'), ('CollectExplorationReward', '0 */8 * * *'), ('SoliderTrain', '0 */6 * * *'), ('HelpAlliance', '*/2 * * * *'), ('CheckMail', '0 */5 * * *')]
2026-02-28 12:01:34 Cron next run: HelpAlliance at 2026-02-28 12:02:00
2026-02-28 12:01:34 Cron next run: PinLoggin at 2026-02-28 12:30:00
2026-02-28 12:01:34 Cron next run: CheckMail at 2026-02-28 15:00:00
2026-02-28 12:01:34 Cron next run: CollectExplorationReward at 2026-02-28 16:00:00
2026-02-28 12:01:34 Cron next run: SoliderTrain at 2026-02-28 18:00:00
2026-02-28 12:02:00 Cron next run: HelpAlliance at 2026-02-28 12:04:00
2026-02-28 12:02:00 [Runner] Started function: HelpAlliance
2026-02-28 12:02:06 [Runner] match_click HelpAlliance → false (not found in 5s)
2026-02-28 12:02:08 [Runner] Finished function: HelpAlliance
2026-02-28 12:02:16 [Alert] House is being attacked!
2026-02-28 12:02:31 [Alert] Attack has ended.
2026-02-28 12:02:42 [Alert] House is being attacked!
2026-02-28 12:02:57 [Alert] Attack has ended.
2026-02-28 12:02:59 === End ===
2026-02-28 12:02:59 Done.
