2026-02-27 21:10:26 === Start ===
2026-02-27 21:10:26 [Env] Loaded from .env: PIN_PASSWORD
2026-02-27 21:10:26 [bot_engine] Failed to load template buttons_template/SoliderBackButton.png: Khong tim thay anh: buttons_template/SoliderBackButton.png
2026-02-27 21:10:26 WindowCapture: client size = 2400x1600, screen offset = (1122, 170)
2026-02-27 21:10:26 Vision scale: 1.0 (window 2400x1600)
2026-02-27 21:10:26 Global hotkey: {'l': 'PinLoggin', 'b': 'FightBoomer', 't': 'ClickTreasure', 'c': 'CollectExplorationReward', 's': 'SoliderTrain', 'h': 'HelpAlliance', 'm': 'CheckMail'} | Press same key to stop | Ctrl+Esc = quit
2026-02-27 21:10:26 Function priorities: {'PinLoggin': 1, 'FightBoomer': 2, 'ClickTreasure': 4, 'CollectExplorationReward': 98, 'SoliderTrain': 99, 'HelpAlliance': 100, 'CheckMail': 50}
2026-02-27 21:10:26 Function enabled: {'PinLoggin': True, 'FightBoomer': True, 'ClickTreasure': True, 'CollectExplorationReward': True, 'SoliderTrain': True, 'HelpAlliance': True, 'CheckMail': True}
2026-02-27 21:10:26 Auto cron: [('PinLoggin', '*/30 * * * *'), ('CollectExplorationReward', '0 */8 * * *'), ('SoliderTrain', '0 */6 * * *'), ('HelpAlliance', '*/15 * * * *'), ('CheckMail', '0 */5 * * *')]
2026-02-27 21:10:26 Cron next run: PinLoggin at 2026-02-27 21:30:00
2026-02-27 21:10:26 Cron next run: CollectExplorationReward at 2026-02-28 00:00:00
2026-02-27 21:10:26 Cron next run: SoliderTrain at 2026-02-28 00:00:00
2026-02-27 21:10:26 Cron next run: HelpAlliance at 2026-02-27 21:15:00
2026-02-27 21:10:26 Cron next run: CheckMail at 2026-02-28 00:00:00
2026-02-27 21:10:29 [Runner] Started function: CheckMail
2026-02-27 21:10:34 [Runner] match_click buttons_template/Mail.png timeout (not found in 5s)
2026-02-27 21:10:35 [Runner] Aborting function 'CheckMail' — step 'sleep' blocked (previous step returned false)
2026-02-27 21:10:35 [Runner] Finished function: CheckMail (aborted)
2026-02-27 21:10:39 === End ===
2026-02-27 21:10:39 Done.
