2026-02-28 13:44:50 === Start ===
2026-02-28 13:44:50 [Env] Loaded from .env: PIN_PASSWORD
2026-02-28 13:44:51 WindowCapture: client size = 2400x1600, screen offset = (2146, 374)
2026-02-28 13:44:51 Vision scale: 1.0 (window 2400x1600)
2026-02-28 13:44:51 Global hotkey: {'l': 'PinLoggin', 't': 'ClickTreasure', 'c': 'CollectExplorationReward', 's': 'SoliderTrain', 'h': 'HelpAlliance', 'm': 'CheckMail', 'd': 'DonateAllianceTech', 'o': 'TurnOnShield'} | Press same key to stop | Ctrl+Esc = quit
2026-02-28 13:44:51 Function priorities: {'PinLoggin': 1, 'FightBoomer': 2, 'ClickTreasure': 4, 'CollectExplorationReward': 98, 'SoliderTrain': 99, 'HelpAlliance': 100, 'CheckMail': 50, 'DonateAllianceTech': 60, 'TurnOnShield': 1}
2026-02-28 13:44:51 Function enabled: {'PinLoggin': True, 'FightBoomer': False, 'ClickTreasure': True, 'CollectExplorationReward': True, 'SoliderTrain': True, 'HelpAlliance': True, 'CheckMail': True, 'DonateAllianceTech': True, 'TurnOnShield': True}
2026-02-28 13:44:51 Auto cron: [('PinLoggin', '*/30 * * * *'), ('CollectExplorationReward', '0 */8 * * *'), ('SoliderTrain', '0 */6 * * *'), ('HelpAlliance', '*/2 * * * *'), ('CheckMail', '0 */5 * * *')]
2026-02-28 13:44:51 Attack triggers: ['TurnOnShield']
2026-02-28 13:44:51 Cron next run: HelpAlliance at 2026-02-28 13:46:00
2026-02-28 13:44:51 Cron next run: PinLoggin at 2026-02-28 14:00:00
2026-02-28 13:44:51 Cron next run: CheckMail at 2026-02-28 15:00:00
2026-02-28 13:44:51 Cron next run: CollectExplorationReward at 2026-02-28 16:00:00
2026-02-28 13:44:51 Cron next run: SoliderTrain at 2026-02-28 18:00:00
2026-02-28 13:45:03 [Runner] Started function: TurnOnShield
2026-02-28 13:45:05 [Vision.find] groupRect=(2254,1460,144,126) needle=(144x126) scale=1.0 → center=(2326,1523)
2026-02-28 13:45:05 [Runner] match_click HeadquartersButton → true (clicked)
2026-02-28 13:45:07 [Vision.find] groupRect=(2256,1464,128,128) needle=(128x128) scale=1.0 → center=(2320,1528)
2026-02-28 13:45:07 [Runner] match_click WorldButton → true (clicked)
2026-02-28 13:45:08 [Runner] sleep 0.5s → true
2026-02-28 13:45:09 [Runner] click_position (0.5, 0.5) → true
2026-02-28 13:45:10 [Runner] sleep 0.5s → true
2026-02-28 13:45:22 [Runner] match_click CityWallIcon → false (not found in 10s)
2026-02-28 13:45:22 [Runner] [skip] sleep 0.5s
2026-02-28 13:45:22 [Runner] [skip] match_click PeaceShield
2026-02-28 13:45:22 [Runner] [skip] sleep 0.5s
2026-02-28 13:45:22 [Runner] [skip] match_move test
2026-02-28 13:45:22 [Runner] Finished function: TurnOnShield (aborted)
2026-02-28 13:45:25 [Runner] Started function: TurnOnShield
2026-02-28 13:45:26 [Vision.find] groupRect=(2254,1460,144,126) needle=(144x126) scale=1.0 → center=(2326,1523)
2026-02-28 13:45:27 [Runner] match_click HeadquartersButton → true (clicked)
2026-02-28 13:45:37 [Runner] match_click WorldButton → false (not found in 10s)
2026-02-28 13:45:38 [Runner] [skip] sleep 0.5s
2026-02-28 13:45:38 [Runner] [skip] click_position (0.5, 0.5)
2026-02-28 13:45:38 [Runner] [skip] sleep 0.5s
2026-02-28 13:45:38 [Runner] [skip] match_click CityWallIcon
2026-02-28 13:45:38 [Runner] [skip] sleep 0.5s
2026-02-28 13:45:38 [Runner] [skip] match_click PeaceShield
2026-02-28 13:45:38 [Runner] [skip] sleep 0.5s
2026-02-28 13:45:38 [Runner] [skip] match_move test
2026-02-28 13:45:38 [Runner] Finished function: TurnOnShield (aborted)
2026-02-28 13:45:44 [Runner] Started function: TurnOnShield
2026-02-28 13:45:45 [Vision.find] groupRect=(2254,1460,144,126) needle=(144x126) scale=1.0 → center=(2326,1523)
2026-02-28 13:45:45 [Runner] match_click HeadquartersButton → true (clicked)
2026-02-28 13:45:48 [Vision.find] groupRect=(2256,1464,128,128) needle=(128x128) scale=1.0 → center=(2320,1528)
2026-02-28 13:45:48 [Runner] match_click WorldButton → true (clicked)
2026-02-28 13:45:49 [Runner] sleep 0.5s → true
2026-02-28 13:45:50 [Runner] click_position (0.5, 0.5) → true
2026-02-28 13:45:50 [Runner] sleep 0.5s → true
2026-02-28 13:45:52 [Vision.find] groupRect=(1228,946,76,62) needle=(76x62) scale=1.0 → center=(1266,977)
2026-02-28 13:45:52 [Runner] match_click CityWallIcon → true (clicked)
2026-02-28 13:45:53 [Runner] sleep 0.5s → true
2026-02-28 13:45:54 [Vision.find] groupRect=(856,550,692,202) needle=(692x202) scale=1.0 → center=(1202,651)
2026-02-28 13:45:54 [Runner] match_click PeaceShield → true (clicked)
2026-02-28 13:45:55 [Runner] sleep 0.5s → true
2026-02-28 13:45:56 [Vision.find] groupRect=(898,432,108,108) needle=(108x108) scale=1.0 → center=(952,486)
2026-02-28 13:45:56 [Vision.find] groupRect=(898,582,108,108) needle=(108x108) scale=1.0 → center=(952,636)
2026-02-28 13:45:57 [Runner] Finished function: TurnOnShield
2026-02-28 13:46:00 Cron next run: HelpAlliance at 2026-02-28 13:48:00
2026-02-28 13:46:00 [Runner] Started function: HelpAlliance
2026-02-28 13:46:02 === End ===
2026-02-28 13:46:02 Done.
