2026-02-27 20:03:41 === Start ===
2026-02-27 20:03:41 [Env] Loaded from .env: PIN_PASSWORD
2026-02-27 20:03:41 [bot_engine] Failed to load template buttons_template/SoliderBackButton.png: Khong tim thay anh: buttons_template/SoliderBackButton.png
2026-02-27 20:03:41 WindowCapture: client size = 2501x1446, screen offset = (1986, 148)
2026-02-27 20:03:42 Vision scale: 1.0 (window resized to 1564x1170)
2026-02-27 20:03:42 Global hotkey: {'l': 'PinLoggin', 'b': 'FightBoomer', 't': 'ClickTreasure', 'c': 'CollectExplorationReward', 's': 'SoliderTrain', 'h': 'HelpAlliance', 'm': 'CheckMail'} | Press same key to stop | Ctrl+Esc = quit
2026-02-27 20:03:42 Function priorities: {'PinLoggin': 1, 'FightBoomer': 2, 'ClickTreasure': 4, 'CollectExplorationReward': 98, 'SoliderTrain': 99, 'HelpAlliance': 100, 'CheckMail': 50}
2026-02-27 20:03:42 Function enabled: {'PinLoggin': True, 'FightBoomer': True, 'ClickTreasure': True, 'CollectExplorationReward': True, 'SoliderTrain': True, 'HelpAlliance': True, 'CheckMail': True}
2026-02-27 20:03:42 Auto cron: [('PinLoggin', '*/30 * * * *'), ('CollectExplorationReward', '0 */8 * * *'), ('SoliderTrain', '0 */6 * * *'), ('HelpAlliance', '*/15 * * * *'), ('CheckMail', '0 */5 * * *')]
2026-02-27 20:03:42 Cron next run: PinLoggin at 2026-02-27 20:30:00
2026-02-27 20:03:42 Cron next run: CollectExplorationReward at 2026-02-28 00:00:00
2026-02-27 20:03:42 Cron next run: SoliderTrain at 2026-02-28 00:00:00
2026-02-27 20:03:42 Cron next run: HelpAlliance at 2026-02-27 20:15:00
2026-02-27 20:03:42 Cron next run: CheckMail at 2026-02-28 00:00:00
2026-02-27 20:03:48 [Runner] Started function: FightBoomer
2026-02-27 20:03:51 [Runner] click_unless_visible: buttons_template/MagnifierButton.png not found and buttons_template/WorldButton.png not visible either
2026-02-27 20:04:02 [Runner] match_click buttons_template/MagnifierButton.png timeout (not found in 10s)
2026-02-27 20:04:02 [Runner] Aborting function 'FightBoomer' — step 'sleep' blocked (previous step returned false)
2026-02-27 20:04:02 [Runner] Finished function: FightBoomer (aborted)
2026-02-27 20:04:06 === End ===
2026-02-27 20:04:06 Done.
