2026-02-27 19:46:13 === Start ===
2026-02-27 19:46:13 [Env] Loaded from .env: PIN_PASSWORD
2026-02-27 19:46:13 [bot_engine] Failed to load template buttons_template/SoliderBackButton.png: Khong tim thay anh: buttons_template/SoliderBackButton.png
2026-02-27 19:46:13 WindowCapture: client size = 2033x1519, screen offset = (2372, 626)
2026-02-27 19:46:13 Global hotkey: {'l': 'PinLoggin', 'b': 'FightBoomer', 't': 'ClickTreasure', 'c': 'CollectExplorationReward', 's': 'SoliderTrain', 'h': 'HelpAlliance', 'm': 'CheckMail'} | Press same key to stop | Ctrl+Esc = quit
2026-02-27 19:46:13 Function priorities: {'PinLoggin': 1, 'FightBoomer': 2, 'ClickTreasure': 4, 'CollectExplorationReward': 98, 'SoliderTrain': 99, 'HelpAlliance': 100, 'CheckMail': 50}
2026-02-27 19:46:13 Function enabled: {'PinLoggin': True, 'FightBoomer': True, 'ClickTreasure': True, 'CollectExplorationReward': True, 'SoliderTrain': True, 'HelpAlliance': True, 'CheckMail': True}
2026-02-27 19:46:13 Auto cron: [('PinLoggin', '*/30 * * * *'), ('CollectExplorationReward', '0 */8 * * *'), ('SoliderTrain', '0 */6 * * *'), ('HelpAlliance', '*/15 * * * *'), ('CheckMail', '0 */5 * * *')]
2026-02-27 19:46:13 Cron next run: PinLoggin at 2026-02-27 20:00:00
2026-02-27 19:46:13 Cron next run: CollectExplorationReward at 2026-02-28 00:00:00
2026-02-27 19:46:13 Cron next run: SoliderTrain at 2026-02-28 00:00:00
2026-02-27 19:46:13 Cron next run: HelpAlliance at 2026-02-27 20:00:00
2026-02-27 19:46:13 Cron next run: CheckMail at 2026-02-27 20:00:00
2026-02-27 19:46:19 [Runner] Started function: FightBoomer
2026-02-27 19:46:30 [Runner] click_unless_visible: buttons_template/MagnifierButton.png found, skip clicking buttons_template/WorldButton.png
2026-02-27 19:46:31 [Runner] match_click buttons_template/MagnifierButton.png (count 1)
2026-02-27 19:46:32 [Runner] match_click buttons_template/BoomerButton.png (count 1)
2026-02-27 19:46:34 [OCR] psm=7 raw='Lv.9'
2026-02-27 19:46:34 [OCR] psm=7 -> Lv.9 from 'Lv.9'
2026-02-27 19:46:34 [Runner] set_level: ROI saved to debug_set_level_roi.png
2026-02-27 19:46:34 [Runner] set_level: already at Lv.9, done
2026-02-27 19:46:36 [Runner] match_click buttons_template/SearchButton.png (count 1)
2026-02-27 19:46:37 [Runner] match_click buttons_template/TeamUp.png (count 1)
2026-02-27 19:46:38 [Runner] match_click buttons_template/March.png (count 1)
2026-02-27 19:46:39 [Runner] Finished function: FightBoomer
2026-02-27 19:47:01 [Runner] Started function: FightBoomer
2026-02-27 19:47:38 [Runner] click_unless_visible: buttons_template/MagnifierButton.png found, skip clicking buttons_template/WorldButton.png
2026-02-27 19:47:38 [Runner] Stopped function: FightBoomer (hotkey toggle)
2026-02-27 19:47:50 [Runner] Started function: FightBoomer
2026-02-27 19:47:52 [Runner] click_unless_visible: buttons_template/MagnifierButton.png found, skip clicking buttons_template/WorldButton.png
2026-02-27 19:47:53 [Runner] match_click buttons_template/MagnifierButton.png (count 1)
2026-02-27 19:47:55 [Runner] match_click buttons_template/BoomerButton.png (count 1)
2026-02-27 19:47:58 [OCR] psm=7 raw='Lv.Y'
2026-02-27 19:47:58 [OCR] psm=7 raw='Lv.Y'
2026-02-27 19:47:59 [OCR] psm=8 raw='LV.9 ©'
2026-02-27 19:47:59 [OCR] psm=8 -> Lv.9 from 'LV.9 ©'
2026-02-27 19:47:59 [Runner] set_level: ROI saved to debug_set_level_roi.png
2026-02-27 19:47:59 [Runner] set_level: already at Lv.9, done
2026-02-27 19:48:01 [Runner] match_click buttons_template/SearchButton.png (count 1)
2026-02-27 19:48:51 [Runner] match_click buttons_template/TeamUp.png (count 1)
2026-02-27 19:48:51 === End ===
2026-02-27 19:48:51 Done.
