2026-02-27 16:27:45 === Start ===
2026-02-27 16:27:45 [Env] Loaded from .env: PIN_PASSWORD
2026-02-27 16:27:45 [bot_engine] Failed to load template buttons_template/SoliderBackButton.png: Khong tim thay anh: buttons_template/SoliderBackButton.png
2026-02-27 16:27:45 WindowCapture: client size = 2518x1725, screen offset = (1540, 379)
2026-02-27 16:27:45 Global hotkey: {'l': 'PinLoggin', 'b': 'FightBoomer', 't': 'ClickTreasure', 'c': 'CollectExplorationReward', 's': 'SoliderTrain', 'h': 'HelpAlliance', 'm': 'CheckMail'} | Press same key to stop | Ctrl+Esc = quit
2026-02-27 16:27:45 Function priorities: {'PinLoggin': 1, 'FightBoomer': 2, 'ClickTreasure': 4, 'CollectExplorationReward': 98, 'SoliderTrain': 99, 'HelpAlliance': 100, 'CheckMail': 50}
2026-02-27 16:27:45 Function enabled: {'PinLoggin': True, 'FightBoomer': True, 'ClickTreasure': True, 'CollectExplorationReward': True, 'SoliderTrain': True, 'HelpAlliance': True, 'CheckMail': True}
2026-02-27 16:27:45 Auto cron: [('PinLoggin', '*/30 * * * *'), ('CollectExplorationReward', '0 */8 * * *'), ('SoliderTrain', '0 */6 * * *'), ('HelpAlliance', '*/15 * * * *'), ('CheckMail', '0 */5 * * *')]
2026-02-27 16:27:45 Cron next run: PinLoggin at 2026-02-27 16:30:00
2026-02-27 16:27:45 Cron next run: CollectExplorationReward at 2026-02-28 00:00:00
2026-02-27 16:27:45 Cron next run: SoliderTrain at 2026-02-27 18:00:00
2026-02-27 16:27:45 Cron next run: HelpAlliance at 2026-02-27 16:30:00
2026-02-27 16:27:45 Cron next run: CheckMail at 2026-02-27 20:00:00
2026-02-27 16:27:53 [Runner] Started function: SoliderTrain
2026-02-27 16:28:00 [Runner] match_click buttons_template/HeadquartersButton.png timeout (not found in 5s)
2026-02-27 16:28:06 [Runner] match_click buttons_template/ShooterCollect.png timeout (not found in 5s)
2026-02-27 16:28:12 [Runner] match_click buttons_template/SoliderTrain.png timeout (not found in 5s)
2026-02-27 16:28:18 [Runner] match_click buttons_template/SoliderTrainButton.png timeout (not found in 5s)
2026-02-27 16:28:20 [Runner] match_click buttons_template/AssaultCollect.png (count 1)
2026-02-27 16:28:22 [Runner] match_click buttons_template/SoliderTrain.png (count 1)
2026-02-27 16:28:23 [Runner] match_click buttons_template/SoliderTrainButton.png (count 1)
2026-02-27 16:28:24 [Runner] Finished function: SoliderTrain
2026-02-27 16:29:14 === End ===
2026-02-27 16:29:14 Done.
