2026-02-28 13:55:11 === Start ===
2026-02-28 13:55:11 [Env] Loaded from .env: PIN_PASSWORD
2026-02-28 13:55:11 WindowCapture: client size = 2400x1600, screen offset = (2146, 374)
2026-02-28 13:55:11 Vision scale: 1.0 (window 2400x1600)
2026-02-28 13:55:11 Global hotkey: {'l': 'PinLoggin', 't': 'ClickTreasure', 'c': 'CollectExplorationReward', 's': 'SoliderTrain', 'h': 'HelpAlliance', 'm': 'CheckMail', 'd': 'DonateAllianceTech', 'o': 'TurnOnShield'} | Press same key to stop | Ctrl+Esc = quit
2026-02-28 13:55:11 Function priorities: {'PinLoggin': 1, 'FightBoomer': 2, 'ClickTreasure': 4, 'CollectExplorationReward': 98, 'SoliderTrain': 99, 'HelpAlliance': 100, 'CheckMail': 50, 'DonateAllianceTech': 60, 'TurnOnShield': 2}
2026-02-28 13:55:11 Function enabled: {'PinLoggin': True, 'FightBoomer': False, 'ClickTreasure': True, 'CollectExplorationReward': True, 'SoliderTrain': True, 'HelpAlliance': True, 'CheckMail': True, 'DonateAllianceTech': True, 'TurnOnShield': True}
2026-02-28 13:55:11 Auto cron: [('PinLoggin', '*/30 * * * *'), ('CollectExplorationReward', '0 */8 * * *'), ('SoliderTrain', '0 */6 * * *'), ('HelpAlliance', '*/2 * * * *'), ('CheckMail', '0 */5 * * *')]
2026-02-28 13:55:11 Attack triggers: ['TurnOnShield']
2026-02-28 13:55:11 Cron next run: HelpAlliance at 2026-02-28 13:56:00
2026-02-28 13:55:11 Cron next run: PinLoggin at 2026-02-28 14:00:00
2026-02-28 13:55:11 Cron next run: CheckMail at 2026-02-28 15:00:00
2026-02-28 13:55:11 Cron next run: CollectExplorationReward at 2026-02-28 16:00:00
2026-02-28 13:55:11 Cron next run: SoliderTrain at 2026-02-28 18:00:00
2026-02-28 13:55:22 [Alert] House is being attacked!
2026-02-28 13:55:22 [Runner] Started function: TurnOnShield
2026-02-28 13:55:32 [Runner] sleep 10s → true
2026-02-28 13:55:34 [Runner] match_click HeadquartersButton → true (clicked)
2026-02-28 13:55:35 [Runner] sleep 1s → true
2026-02-28 13:55:37 [Runner] match_click WorldButton → true (clicked)
2026-02-28 13:55:39 [Runner] sleep 1s → true
2026-02-28 13:55:40 [Runner] click_position (0.5, 0.5) → true
2026-02-28 13:55:41 [Runner] sleep 1s → true
2026-02-28 13:55:43 [Runner] match_click CityWallIcon → true (clicked)
2026-02-28 13:55:45 [Runner] sleep 1s → true
2026-02-28 13:55:46 [Runner] match_click PeaceShield → true (clicked)
2026-02-28 13:55:48 [Runner] sleep 1s → true
2026-02-28 13:55:50 [Runner] Finished function: TurnOnShield
2026-02-28 13:55:54 [Alert] Attack has ended.
2026-02-28 13:56:00 Cron next run: HelpAlliance at 2026-02-28 13:58:00
2026-02-28 13:56:00 [Runner] Started function: HelpAlliance
2026-02-28 13:56:05 === End ===
2026-02-28 13:56:05 Done.
