2026-02-28 15:55:13 === Start ===
2026-02-28 15:55:13 [Env] Loaded from .env: PIN_PASSWORD
2026-02-28 15:55:13 WindowCapture: client size = 2400x1600, screen offset = (1994, 243)
2026-02-28 15:55:14 Vision scale: 1.0 (window 2400x1600)
2026-02-28 15:55:14 Global hotkey: {'l': 'PinLoggin', 'o': 'TurnOnShield', 't': 'ClickTreasure', 'c': 'CollectExplorationReward', 's': 'SoliderTrain', 'h': 'HelpAlliance', 'm': 'CheckMail', 'd': 'DonateAllianceTech'} | Press same key to stop | Ctrl+Esc = quit
2026-02-28 15:55:14 Function enabled: {'PinLoggin': True, 'TurnOnShield': True, 'FightBoomer': False, 'ClickTreasure': True, 'CollectExplorationReward': True, 'SoliderTrain': True, 'HelpAlliance': True, 'CheckMail': True, 'DonateAllianceTech': True}
2026-02-28 15:55:14 Auto cron: [('CollectExplorationReward', '0 */8 * * *'), ('SoliderTrain', '0 */6 * * *'), ('HelpAlliance', '*/2 * * * *'), ('CheckMail', '0 */5 * * *')]
2026-02-28 15:55:14 Attack triggers: ['TurnOnShield']
2026-02-28 15:55:14 Logout triggers: ['PinLoggin']
2026-02-28 15:55:14 Cron next run: HelpAlliance at 2026-02-28 15:56:00
2026-02-28 15:55:14 Cron next run: CollectExplorationReward at 2026-02-28 16:00:00
2026-02-28 15:55:14 Cron next run: SoliderTrain at 2026-02-28 18:00:00
2026-02-28 15:55:14 Cron next run: CheckMail at 2026-02-28 20:00:00
2026-02-28 15:55:26 [Runner] Started function: TurnOnShield
2026-02-28 15:55:36 [Runner] sleep 10s → true
2026-02-28 15:55:39 [Runner] match_click HeadquartersButton → true (clicked)
2026-02-28 15:55:41 [Runner] sleep 1s → true
2026-02-28 15:55:43 [Runner] match_click WorldButton → true (clicked)
2026-02-28 15:55:44 [Runner] sleep 1s → true
2026-02-28 15:55:46 [Runner] click_position (0.5, 0.5) → true
2026-02-28 15:55:47 [Runner] sleep 1s → true
2026-02-28 15:55:49 [Runner] match_click CityWallIcon → true (clicked)
2026-02-28 15:55:53 [Runner] sleep 3s → true
2026-02-28 15:56:00 [Runner] ocr_log PeaceShield → skip (template not found in 5s)
2026-02-28 15:56:00 Cron next run: HelpAlliance at 2026-02-28 15:58:00
2026-02-28 15:56:00 [Scheduler] HelpAlliance blocked by TurnOnShield [cron] -> queued
2026-02-28 15:56:00 [Scheduler] HelpAlliance queued (reason=cron)
2026-02-28 15:56:11 [Runner] match_click PeaceShield → false (not found in 10s)
2026-02-28 15:56:12 [Runner] [skip] sleep 1s
2026-02-28 15:56:12 [Runner] [skip] match_move Use8HoursPeaceShield
2026-02-28 15:56:12 [Runner] Finished function: TurnOnShield (aborted)
2026-02-28 15:56:12 [Scheduler] HelpAlliance dequeued and starting
2026-02-28 15:56:12 [Runner] Started function: HelpAlliance
2026-02-28 15:56:19 [Runner] match_click HelpAlliance → false (not found in 5s)
2026-02-28 15:56:22 [Runner] Finished function: HelpAlliance
2026-02-28 15:56:22 === End ===
2026-02-28 15:56:22 Done.
