2026-02-28 08:43:56 === Start ===
2026-02-28 08:43:56 [Env] Loaded from .env: PIN_PASSWORD
2026-02-28 08:43:56 [bot_engine] Failed to load template buttons_template/SoliderBackButton.png: Khong tim thay anh: buttons_template/SoliderBackButton.png
2026-02-28 08:43:56 WindowCapture: client size = 2400x1600, screen offset = (1288, 386)
2026-02-28 08:43:56 Vision scale: 1.0 (window 2400x1600)
2026-02-28 08:43:56 Global hotkey: {'l': 'PinLoggin', 'b': 'FightBoomer', 't': 'ClickTreasure', 'c': 'CollectExplorationReward', 's': 'SoliderTrain', 'h': 'HelpAlliance', 'm': 'CheckMail', 'd': 'DonateAllianceTech'} | Press same key to stop | Ctrl+Esc = quit
2026-02-28 08:43:56 Function priorities: {'PinLoggin': 1, 'FightBoomer': 2, 'ClickTreasure': 4, 'CollectExplorationReward': 98, 'SoliderTrain': 99, 'HelpAlliance': 100, 'CheckMail': 50, 'DonateAllianceTech': 60}
2026-02-28 08:43:56 Function enabled: {'PinLoggin': True, 'FightBoomer': True, 'ClickTreasure': True, 'CollectExplorationReward': True, 'SoliderTrain': True, 'HelpAlliance': True, 'CheckMail': True, 'DonateAllianceTech': True}
2026-02-28 08:43:56 Auto cron: [('PinLoggin', '*/30 * * * *'), ('CollectExplorationReward', '0 */8 * * *'), ('SoliderTrain', '0 */6 * * *'), ('HelpAlliance', '*/15 * * * *'), ('CheckMail', '0 */5 * * *')]
2026-02-28 08:43:56 Cron next run: PinLoggin at 2026-02-28 09:00:00
2026-02-28 08:43:56 Cron next run: CollectExplorationReward at 2026-02-28 16:00:00
2026-02-28 08:43:56 Cron next run: SoliderTrain at 2026-02-28 12:00:00
2026-02-28 08:43:56 Cron next run: HelpAlliance at 2026-02-28 08:45:00
2026-02-28 08:43:56 Cron next run: CheckMail at 2026-02-28 10:00:00
2026-02-28 08:44:05 [Runner] Started function: SoliderTrain
2026-02-28 08:44:06 [Runner] base_zoomout: clicked buttons_template/HeadquartersButton.png
2026-02-28 08:44:07 [Runner] base_zoomout: scrolled out x5
2026-02-28 08:44:12 [Runner] match_click buttons_template/ShooterCollect.png timeout (not found in 3s)
2026-02-28 08:44:13 [Runner] match_click buttons_template/SoliderTrain.png (count 1)
2026-02-28 08:44:14 [Runner] match_click buttons_template/SoliderTrainButton.png (count 1)
2026-02-28 08:44:21 [Runner] match_click buttons_template/AssaultCollect.png timeout (not found in 5s)
2026-02-28 08:44:25 [Runner] match_click buttons_template/SoliderTrain.png timeout (not found in 3s)
2026-02-28 08:44:26 [Runner] match_click buttons_template/SoliderTrainButton.png (count 1)
2026-02-28 08:44:27 === End ===
2026-02-28 08:44:27 Done.
