2026-02-28 15:13:59 === Start ===
2026-02-28 15:13:59 [Env] Loaded from .env: PIN_PASSWORD
2026-02-28 15:14:00 WindowCapture: client size = 2474x1354, screen offset = (1994, 679)
2026-02-28 15:14:00 Vision scale: 1.0 (window 2400x1600)
2026-02-28 15:14:00 Global hotkey: {'l': 'PinLoggin', 'o': 'TurnOnShield', 't': 'ClickTreasure', 'c': 'CollectExplorationReward', 's': 'SoliderTrain', 'h': 'HelpAlliance', 'm': 'CheckMail', 'd': 'DonateAllianceTech'} | Press same key to stop | Ctrl+Esc = quit
2026-02-28 15:14:00 Function priorities: {'PinLoggin': 1, 'TurnOnShield': 2, 'FightBoomer': 2, 'ClickTreasure': 4, 'CollectExplorationReward': 98, 'SoliderTrain': 99, 'HelpAlliance': 100, 'CheckMail': 50, 'DonateAllianceTech': 60}
2026-02-28 15:14:00 Function enabled: {'PinLoggin': True, 'TurnOnShield': True, 'FightBoomer': False, 'ClickTreasure': True, 'CollectExplorationReward': True, 'SoliderTrain': True, 'HelpAlliance': True, 'CheckMail': True, 'DonateAllianceTech': True}
2026-02-28 15:14:00 Auto cron: [('PinLoggin', '*/30 * * * *'), ('CollectExplorationReward', '0 */8 * * *'), ('SoliderTrain', '0 */6 * * *'), ('HelpAlliance', '*/2 * * * *'), ('CheckMail', '0 */5 * * *')]
2026-02-28 15:14:00 Attack triggers: ['TurnOnShield']
2026-02-28 15:14:00 Cron next run: HelpAlliance at 2026-02-28 15:16:00
2026-02-28 15:14:00 Cron next run: PinLoggin at 2026-02-28 15:30:00
2026-02-28 15:14:00 Cron next run: CollectExplorationReward at 2026-02-28 16:00:00
2026-02-28 15:14:00 Cron next run: SoliderTrain at 2026-02-28 18:00:00
2026-02-28 15:14:00 Cron next run: CheckMail at 2026-02-28 20:00:00
2026-02-28 15:14:05 [Runner] Started function: CollectExplorationReward
2026-02-28 15:14:08 [Runner] base_zoomout HeadquartersButton → true (HQ not found, scrolled x5)
2026-02-28 15:14:09 [Runner] match_click ExplorationReward → true (clicked)
2026-02-28 15:14:21 [Runner] match_click ClaimButton → false (not found in 10s)
2026-02-28 15:14:21 [Runner] [skip] match_click CollectButton
2026-02-28 15:14:21 [Runner] [skip] sleep 2s
2026-02-28 15:14:22 [Runner] [skip] click_position (0.15, 0.15)
2026-02-28 15:14:22 [Runner] [skip] sleep 2s
2026-02-28 15:14:22 [Runner] [skip] click_position (0.15, 0.15)
2026-02-28 15:14:22 [Runner] Finished function: CollectExplorationReward (aborted)
2026-02-28 15:14:26 === End ===
2026-02-28 15:14:26 Done.
