2026-02-28 07:10:01 === Start ===
2026-02-28 07:10:01 [Env] Loaded from .env: PIN_PASSWORD
2026-02-28 07:10:01 [bot_engine] Failed to load template buttons_template/SoliderBackButton.png: Khong tim thay anh: buttons_template/SoliderBackButton.png
2026-02-28 07:10:02 WindowCapture: client size = 2400x1600, screen offset = (1498, 358)
2026-02-28 07:10:02 Vision scale: 1.0 (window 2400x1600)
2026-02-28 07:10:02 Global hotkey: {'l': 'PinLoggin', 'b': 'FightBoomer', 't': 'ClickTreasure', 'c': 'CollectExplorationReward', 's': 'SoliderTrain', 'h': 'HelpAlliance', 'm': 'CheckMail', 'd': 'DonateAllianceTech'} | Press same key to stop | Ctrl+Esc = quit
2026-02-28 07:10:02 Function priorities: {'PinLoggin': 1, 'FightBoomer': 2, 'ClickTreasure': 4, 'CollectExplorationReward': 98, 'SoliderTrain': 99, 'HelpAlliance': 100, 'CheckMail': 50, 'DonateAllianceTech': 60}
2026-02-28 07:10:02 Function enabled: {'PinLoggin': True, 'FightBoomer': True, 'ClickTreasure': True, 'CollectExplorationReward': True, 'SoliderTrain': True, 'HelpAlliance': True, 'CheckMail': True, 'DonateAllianceTech': True}
2026-02-28 07:10:02 Auto cron: [('PinLoggin', '*/30 * * * *'), ('CollectExplorationReward', '0 */8 * * *'), ('SoliderTrain', '0 */6 * * *'), ('HelpAlliance', '*/15 * * * *'), ('CheckMail', '0 */5 * * *')]
2026-02-28 07:10:02 Cron next run: PinLoggin at 2026-02-28 07:30:00
2026-02-28 07:10:02 Cron next run: CollectExplorationReward at 2026-02-28 08:00:00
2026-02-28 07:10:02 Cron next run: SoliderTrain at 2026-02-28 12:00:00
2026-02-28 07:10:02 Cron next run: HelpAlliance at 2026-02-28 07:15:00
2026-02-28 07:10:02 Cron next run: CheckMail at 2026-02-28 10:00:00
2026-02-28 07:10:04 [Runner] Started function: PinLoggin
2026-02-28 07:10:04 [Runner] match_count buttons_template/PasswordSlot.png: found 6 >= 6 — true
2026-02-28 07:10:05 [Runner] match_click buttons_template/PasswordSlot.png (count 1)
2026-02-28 07:10:07 [Runner] type_text: typed 6 chars
2026-02-28 07:10:08 [Runner] match_click buttons_template/ConfirmButton.png (count 1)
2026-02-28 07:10:18 [Runner] click_position (1858, 598)
2026-02-28 07:10:19 [Runner] Finished function: PinLoggin
2026-02-28 07:10:24 === End ===
2026-02-28 07:10:24 Done.
