2026-02-28 15:52:52 === Start ===
2026-02-28 15:52:52 [Env] Loaded from .env: PIN_PASSWORD
2026-02-28 15:52:52 WindowCapture: client size = 2400x1600, screen offset = (1994, 243)
2026-02-28 15:52:52 Vision scale: 1.0 (window 2400x1600)
2026-02-28 15:52:52 Global hotkey: {'l': 'PinLoggin', 'o': 'TurnOnShield', 't': 'ClickTreasure', 'c': 'CollectExplorationReward', 's': 'SoliderTrain', 'h': 'HelpAlliance', 'm': 'CheckMail', 'd': 'DonateAllianceTech'} | Press same key to stop | Ctrl+Esc = quit
2026-02-28 15:52:52 Function enabled: {'PinLoggin': True, 'TurnOnShield': True, 'FightBoomer': False, 'ClickTreasure': True, 'CollectExplorationReward': True, 'SoliderTrain': True, 'HelpAlliance': True, 'CheckMail': True, 'DonateAllianceTech': True}
2026-02-28 15:52:52 Auto cron: [('CollectExplorationReward', '0 */8 * * *'), ('SoliderTrain', '0 */6 * * *'), ('HelpAlliance', '*/2 * * * *'), ('CheckMail', '0 */5 * * *')]
2026-02-28 15:52:52 Attack triggers: ['TurnOnShield']
2026-02-28 15:52:52 Logout triggers: ['PinLoggin']
2026-02-28 15:52:52 Cron next run: HelpAlliance at 2026-02-28 15:54:00
2026-02-28 15:52:52 Cron next run: CollectExplorationReward at 2026-02-28 16:00:00
2026-02-28 15:52:52 Cron next run: SoliderTrain at 2026-02-28 18:00:00
2026-02-28 15:52:52 Cron next run: CheckMail at 2026-02-28 20:00:00
2026-02-28 15:52:56 [Runner] Started function: TurnOnShield
2026-02-28 15:53:06 [Runner] sleep 10s → true
2026-02-28 15:53:09 [Runner] match_click HeadquartersButton → true (clicked)
2026-02-28 15:53:10 [Runner] sleep 1s → true
2026-02-28 15:53:13 [Runner] match_click WorldButton → true (clicked)
2026-02-28 15:53:14 [Runner] sleep 1s → true
2026-02-28 15:53:16 [Runner] click_position (0.5, 0.5) → true
2026-02-28 15:53:17 [Runner] sleep 1s → true
2026-02-28 15:53:19 [Runner] match_click CityWallIcon → true (clicked)
2026-02-28 15:53:21 [Runner] sleep 1s → true
2026-02-28 15:53:28 [Runner] ocr_log PeaceShield → skip (template not found in 5s)
2026-02-28 15:53:34 === End ===
2026-02-28 15:53:34 Done.
