2026-02-28 10:34:45 === Start ===
2026-02-28 10:34:45 [Env] Loaded from .env: PIN_PASSWORD
2026-02-28 10:34:45 WindowCapture: client size = 2400x1600, screen offset = (1794, 480)
2026-02-28 10:34:45 Vision scale: 1.0 (window 2400x1600)
2026-02-28 10:34:45 Global hotkey: {'l': 'PinLoggin', 'b': 'FightBoomer', 't': 'ClickTreasure', 'c': 'CollectExplorationReward', 's': 'SoliderTrain', 'h': 'HelpAlliance', 'm': 'CheckMail', 'd': 'DonateAllianceTech'} | Press same key to stop | Ctrl+Esc = quit
2026-02-28 10:34:45 Function priorities: {'PinLoggin': 1, 'FightBoomer': 2, 'ClickTreasure': 4, 'CollectExplorationReward': 98, 'SoliderTrain': 99, 'HelpAlliance': 100, 'CheckMail': 50, 'DonateAllianceTech': 60}
2026-02-28 10:34:45 Function enabled: {'PinLoggin': True, 'FightBoomer': True, 'ClickTreasure': True, 'CollectExplorationReward': True, 'SoliderTrain': True, 'HelpAlliance': True, 'CheckMail': True, 'DonateAllianceTech': True}
2026-02-28 10:34:45 Auto cron: [('PinLoggin', '*/30 * * * *'), ('CollectExplorationReward', '0 */8 * * *'), ('SoliderTrain', '0 */6 * * *'), ('HelpAlliance', '*/15 * * * *'), ('CheckMail', '0 */5 * * *')]
2026-02-28 10:34:45 Cron next run: PinLoggin at 2026-02-28 11:00:00
2026-02-28 10:34:45 Cron next run: CollectExplorationReward at 2026-02-28 16:00:00
2026-02-28 10:34:45 Cron next run: SoliderTrain at 2026-02-28 12:00:00
2026-02-28 10:34:45 Cron next run: HelpAlliance at 2026-02-28 10:45:00
2026-02-28 10:34:45 Cron next run: CheckMail at 2026-02-28 15:00:00
2026-02-28 10:34:51 [Runner] Started function: FightBoomer
2026-02-28 10:34:52 [Runner] click_unless_visible WorldButton → true (visible, skip nav)
2026-02-28 10:34:53 [Runner] match_click MagnifierButton → true (clicked)
2026-02-28 10:34:54 [Runner] sleep 1s → true
2026-02-28 10:34:55 [Runner] match_click BoomerButton → true (clicked)
2026-02-28 10:34:56 [Runner] sleep 0.5s → true
2026-02-28 10:34:57 [OCR] psm=7 raw='Lv.9'
2026-02-28 10:34:57 [OCR] psm=7 -> Lv.9 from 'Lv.9'
2026-02-28 10:34:57 [Runner] set_level: ROI saved to debug_set_level_roi.png
2026-02-28 10:34:58 [Runner] set_level: Lv.9 -> click Plus (target Lv.10)
2026-02-28 10:35:00 [OCR] psm=7 raw='Lv.10'
2026-02-28 10:35:00 [OCR] psm=7 -> Lv.10 from 'Lv.10'
2026-02-28 10:35:00 [Runner] set_level: already at Lv.10, done
2026-02-28 10:35:00 === End ===
2026-02-28 10:35:00 Done.
