2026-02-27 12:31:37 === Start ===
2026-02-27 12:31:37 WindowCapture: client size = 2518x1725, screen offset = (2002, 478)
2026-02-27 12:31:37 Global hotkey: {'m': 'CheckMail', 't': 'ClickTreasure'} = run function. Press same key again (e.g. t) to stop. Ctrl+Esc = quit
2026-02-27 12:31:37 Auto cron: [('CheckMail', '*/1 * * * *')]
2026-02-27 12:31:37 Cron next run: CheckMail at 2026-02-27 12:32:00
2026-02-27 12:31:47 [Runner] Started function: ClickTreasure
2026-02-27 12:32:06 [Runner] Stopped function: ClickTreasure (press same key to stop)
2026-02-27 12:32:06 [Runner] Started function: CheckMail
2026-02-27 12:32:06 [Auto] Running function: CheckMail (cron)
2026-02-27 12:32:07 [Runner] match_click buttons_template/Mail.png (count 1)
2026-02-27 12:32:10 [Runner] Started function: ClickTreasure
2026-02-27 12:33:11 [Runner] match_click buttons_template/TreasureHellicopter.png timeout (template not found in 60s)
2026-02-27 12:33:12 [Runner] Finished function: ClickTreasure
2026-02-27 12:33:12 [Runner] Started function: CheckMail
2026-02-27 12:33:12 [Auto] Running function: CheckMail (cron)
2026-02-27 12:33:12 [Runner] match_click buttons_template/Mail.png (count 1)
2026-02-27 12:33:14 [Runner] match_click buttons_template/AllianceButton.png (count 1)
2026-02-27 12:33:16 [Runner] match_click buttons_template/ClaimAll.png (count 1)
2026-02-27 12:33:17 [Runner] match_click buttons_template/SystemButton.png (count 1)
2026-02-27 12:33:24 [Runner] match_click buttons_template/ClaimAll.png timeout (template not found in 5s)
2026-02-27 12:33:26 [Runner] click_position (2379, 736)
2026-02-27 12:33:27 [Runner] Finished function: CheckMail
2026-02-27 12:33:32 [Runner] Started function: ClickTreasure
2026-02-27 12:33:36 [Runner] Stopped function: ClickTreasure (press same key to stop)
2026-02-27 12:34:00 [Runner] Started function: CheckMail
2026-02-27 12:34:00 [Auto] Running function: CheckMail (cron)
2026-02-27 12:34:00 [Runner] match_click buttons_template/Mail.png (count 1)
2026-02-27 12:34:02 [Runner] match_click buttons_template/AllianceButton.png (count 1)
2026-02-27 12:34:04 [Runner] match_click buttons_template/ClaimAll.png (count 1)
2026-02-27 12:34:05 [Runner] match_click buttons_template/SystemButton.png (count 1)
2026-02-27 12:34:07 [Runner] match_click buttons_template/ClaimAll.png (count 1)
2026-02-27 12:34:09 [Runner] click_position (2379, 736)
2026-02-27 12:34:09 [Runner] Finished function: CheckMail
2026-02-27 12:34:16 === End ===
2026-02-27 12:34:16 Done.
