2026-02-28 10:42:15 === Start ===
2026-02-28 10:42:15 [Env] Loaded from .env: PIN_PASSWORD
2026-02-28 10:42:15 WindowCapture: client size = 2400x1600, screen offset = (1984, 170)
2026-02-28 10:42:15 Vision scale: 1.0 (window 2400x1600)
2026-02-28 10:42:15 Global hotkey: {'l': 'PinLoggin', 'b': 'FightBoomer', 't': 'ClickTreasure', 'c': 'CollectExplorationReward', 's': 'SoliderTrain', 'h': 'HelpAlliance', 'm': 'CheckMail', 'd': 'DonateAllianceTech'} | Press same key to stop | Ctrl+Esc = quit
2026-02-28 10:42:15 Function priorities: {'PinLoggin': 1, 'FightBoomer': 2, 'ClickTreasure': 4, 'CollectExplorationReward': 98, 'SoliderTrain': 99, 'HelpAlliance': 100, 'CheckMail': 50, 'DonateAllianceTech': 60}
2026-02-28 10:42:15 Function enabled: {'PinLoggin': True, 'FightBoomer': True, 'ClickTreasure': True, 'CollectExplorationReward': True, 'SoliderTrain': True, 'HelpAlliance': True, 'CheckMail': True, 'DonateAllianceTech': True}
2026-02-28 10:42:16 Auto cron: [('PinLoggin', '*/30 * * * *'), ('FightBoomer', '*/5 * * * *'), ('CollectExplorationReward', '0 */8 * * *'), ('SoliderTrain', '0 */6 * * *'), ('HelpAlliance', '*/2 * * * *'), ('CheckMail', '0 */5 * * *')]
2026-02-28 10:42:16 Cron next run: HelpAlliance at 2026-02-28 10:44:00
2026-02-28 10:42:16 Cron next run: FightBoomer at 2026-02-28 10:45:00
2026-02-28 10:42:16 Cron next run: PinLoggin at 2026-02-28 11:00:00
2026-02-28 10:42:16 Cron next run: SoliderTrain at 2026-02-28 12:00:00
2026-02-28 10:42:16 Cron next run: CheckMail at 2026-02-28 15:00:00
2026-02-28 10:42:16 Cron next run: CollectExplorationReward at 2026-02-28 16:00:00
2026-02-28 10:44:00 Cron next run: HelpAlliance at 2026-02-28 10:46:00
2026-02-28 10:44:00 [Runner] Started function: HelpAlliance
2026-02-28 10:44:01 [Runner] match_click HelpAlliance → true (clicked)
2026-02-28 10:44:01 [Runner] Finished function: HelpAlliance
2026-02-28 10:45:00 Cron next run: FightBoomer at 2026-02-28 10:50:00
2026-02-28 10:45:00 [Runner] Started function: FightBoomer
2026-02-28 10:45:00 [Runner] click_unless_visible WorldButton → true (visible, skip nav)
2026-02-28 10:45:01 [Runner] match_click MagnifierButton → true (clicked)
2026-02-28 10:45:02 [Runner] sleep 1s → true
2026-02-28 10:45:03 [Runner] match_click BoomerButton → true (clicked)
2026-02-28 10:45:04 [Runner] sleep 0.5s → true
2026-02-28 10:45:05 [OCR] psm=7 raw='Lv.10_'
2026-02-28 10:45:05 [OCR] psm=7 -> Lv.10 from 'Lv.10_'
2026-02-28 10:45:05 [Runner] set_level: ROI saved to debug_set_level_roi.png
2026-02-28 10:45:05 [Runner] set_level: already at Lv.10, done
2026-02-28 10:45:05 [Runner] sleep 0.5s → true
2026-02-28 10:45:06 [Runner] match_click SearchButton → true (clicked)
2026-02-28 10:45:07 [Runner] sleep 0.5s → true
2026-02-28 10:45:09 [Runner] match_click TeamUp → true (clicked)
2026-02-28 10:45:09 [Runner] sleep 0.5s → true
2026-02-28 10:45:10 [Runner] match_click March → true (clicked)
2026-02-28 10:45:10 [Runner] Finished function: FightBoomer
2026-02-28 10:46:00 Cron next run: HelpAlliance at 2026-02-28 10:48:00
2026-02-28 10:46:00 [Runner] Started function: HelpAlliance
2026-02-28 10:46:05 [Runner] match_click HelpAlliance → false (not found in 5s)
2026-02-28 10:46:05 [Runner] Finished function: HelpAlliance
2026-02-28 10:48:00 Cron next run: HelpAlliance at 2026-02-28 10:50:00
2026-02-28 10:48:00 [Runner] Started function: HelpAlliance
2026-02-28 10:48:05 [Runner] match_click HelpAlliance → false (not found in 5s)
2026-02-28 10:48:05 [Runner] Finished function: HelpAlliance
2026-02-28 10:50:00 Cron next run: FightBoomer at 2026-02-28 10:55:00
2026-02-28 10:50:00 [Runner] Started function: FightBoomer
2026-02-28 10:50:00 Cron next run: HelpAlliance at 2026-02-28 10:52:00
2026-02-28 10:50:00 [Scheduler] HelpAlliance (priority=100) blocked by FightBoomer (priority=2) [cron] -> queued
2026-02-28 10:50:00 [Scheduler] HelpAlliance queued (priority=100, reason=cron)
2026-02-28 10:50:00 [Runner] click_unless_visible WorldButton → true (visible, skip nav)
2026-02-28 10:50:01 [Runner] match_click MagnifierButton → true (clicked)
2026-02-28 10:50:02 [Runner] sleep 1s → true
2026-02-28 10:50:03 [Runner] match_click BoomerButton → true (clicked)
2026-02-28 10:50:03 [Runner] sleep 0.5s → true
2026-02-28 10:50:05 [OCR] psm=7 raw='Lv.10_'
2026-02-28 10:50:05 [OCR] psm=7 -> Lv.10 from 'Lv.10_'
2026-02-28 10:50:05 [Runner] set_level: ROI saved to debug_set_level_roi.png
2026-02-28 10:50:05 [Runner] set_level: already at Lv.10, done
2026-02-28 10:50:05 [Runner] sleep 0.5s → true
2026-02-28 10:50:06 [Runner] match_click SearchButton → true (clicked)
2026-02-28 10:50:07 [Runner] sleep 0.5s → true
2026-02-28 10:50:09 [Runner] match_click TeamUp → true (clicked)
2026-02-28 10:50:09 [Runner] sleep 0.5s → true
2026-02-28 10:50:10 [Runner] match_click March → true (clicked)
2026-02-28 10:50:10 [Runner] Finished function: FightBoomer
2026-02-28 10:50:10 [Scheduler] HelpAlliance dequeued and starting (priority=100)
2026-02-28 10:50:10 [Runner] Started function: HelpAlliance
2026-02-28 10:50:16 [Runner] match_click HelpAlliance → false (not found in 5s)
2026-02-28 10:50:16 [Runner] Finished function: HelpAlliance
2026-02-28 10:52:00 Cron next run: HelpAlliance at 2026-02-28 10:54:00
2026-02-28 10:52:00 [Runner] Started function: HelpAlliance
2026-02-28 10:52:05 [Runner] match_click HelpAlliance → false (not found in 5s)
2026-02-28 10:52:05 [Runner] Finished function: HelpAlliance
2026-02-28 10:54:00 Cron next run: HelpAlliance at 2026-02-28 10:56:00
2026-02-28 10:54:00 [Runner] Started function: HelpAlliance
2026-02-28 10:54:00 [Runner] match_click HelpAlliance → true (clicked)
2026-02-28 10:54:01 [Runner] Finished function: HelpAlliance
2026-02-28 10:55:00 Cron next run: FightBoomer at 2026-02-28 11:00:00
2026-02-28 10:55:00 [Runner] Started function: FightBoomer
2026-02-28 10:55:01 [Runner] click_unless_visible WorldButton → true (visible, skip nav)
2026-02-28 10:55:02 [Runner] match_click MagnifierButton → true (clicked)
2026-02-28 10:55:03 [Runner] sleep 1s → true
2026-02-28 10:55:04 [Runner] match_click BoomerButton → true (clicked)
2026-02-28 10:55:05 [Runner] sleep 0.5s → true
2026-02-28 10:55:06 [OCR] psm=7 raw='Lv.10_'
2026-02-28 10:55:06 [OCR] psm=7 -> Lv.10 from 'Lv.10_'
2026-02-28 10:55:06 [Runner] set_level: ROI saved to debug_set_level_roi.png
2026-02-28 10:55:06 [Runner] set_level: already at Lv.10, done
2026-02-28 10:55:07 [Runner] sleep 0.5s → true
2026-02-28 10:55:08 [Runner] match_click SearchButton → true (clicked)
2026-02-28 10:55:08 [Runner] sleep 0.5s → true
2026-02-28 10:55:10 [Runner] match_click TeamUp → true (clicked)
2026-02-28 10:55:11 [Runner] sleep 0.5s → true
2026-02-28 10:55:12 [Runner] match_click March → true (clicked)
2026-02-28 10:55:12 [Runner] Finished function: FightBoomer
2026-02-28 10:56:00 Cron next run: HelpAlliance at 2026-02-28 10:58:00
2026-02-28 10:56:00 [Runner] Started function: HelpAlliance
2026-02-28 10:56:05 [Runner] match_click HelpAlliance → false (not found in 5s)
2026-02-28 10:56:05 [Runner] Finished function: HelpAlliance
2026-02-28 10:58:00 Cron next run: HelpAlliance at 2026-02-28 11:00:00
2026-02-28 10:58:00 [Runner] Started function: HelpAlliance
2026-02-28 10:58:06 [Runner] match_click HelpAlliance → false (not found in 5s)
2026-02-28 10:58:06 [Runner] Finished function: HelpAlliance
2026-02-28 10:59:26 === End ===
2026-02-28 10:59:26 Done.
