2026-02-28 13:49:26 === Start ===
2026-02-28 13:49:26 [Env] Loaded from .env: PIN_PASSWORD
2026-02-28 13:49:27 WindowCapture: client size = 2400x1600, screen offset = (2146, 374)
2026-02-28 13:49:27 Vision scale: 1.0 (window 2400x1600)
2026-02-28 13:49:27 Global hotkey: {'l': 'PinLoggin', 't': 'ClickTreasure', 'c': 'CollectExplorationReward', 's': 'SoliderTrain', 'h': 'HelpAlliance', 'm': 'CheckMail', 'd': 'DonateAllianceTech', 'o': 'TurnOnShield'} | Press same key to stop | Ctrl+Esc = quit
2026-02-28 13:49:27 Function priorities: {'PinLoggin': 1, 'FightBoomer': 2, 'ClickTreasure': 4, 'CollectExplorationReward': 98, 'SoliderTrain': 99, 'HelpAlliance': 100, 'CheckMail': 50, 'DonateAllianceTech': 60, 'TurnOnShield': 1}
2026-02-28 13:49:27 Function enabled: {'PinLoggin': True, 'FightBoomer': False, 'ClickTreasure': True, 'CollectExplorationReward': True, 'SoliderTrain': True, 'HelpAlliance': True, 'CheckMail': True, 'DonateAllianceTech': True, 'TurnOnShield': True}
2026-02-28 13:49:27 Auto cron: [('PinLoggin', '*/30 * * * *'), ('CollectExplorationReward', '0 */8 * * *'), ('SoliderTrain', '0 */6 * * *'), ('HelpAlliance', '*/2 * * * *'), ('CheckMail', '0 */5 * * *')]
2026-02-28 13:49:27 Attack triggers: ['TurnOnShield']
2026-02-28 13:49:27 Cron next run: HelpAlliance at 2026-02-28 13:50:00
2026-02-28 13:49:27 Cron next run: PinLoggin at 2026-02-28 14:00:00
2026-02-28 13:49:27 Cron next run: CheckMail at 2026-02-28 15:00:00
2026-02-28 13:49:27 Cron next run: CollectExplorationReward at 2026-02-28 16:00:00
2026-02-28 13:49:27 Cron next run: SoliderTrain at 2026-02-28 18:00:00
2026-02-28 13:49:32 [Runner] Started function: TurnOnShield
2026-02-28 13:49:33 [Runner] match_click HeadquartersButton → true (clicked)
2026-02-28 13:49:44 [Runner] match_click WorldButton → false (not found in 10s)
2026-02-28 13:49:45 [Runner] [skip] sleep 0.5s
2026-02-28 13:49:45 [Runner] [skip] click_position (0.5, 0.5)
2026-02-28 13:49:45 [Runner] [skip] sleep 0.5s
2026-02-28 13:49:45 [Runner] [skip] match_click CityWallIcon
2026-02-28 13:49:45 [Runner] [skip] sleep 0.5s
2026-02-28 13:49:45 [Runner] [skip] match_click PeaceShield
2026-02-28 13:49:45 [Runner] [skip] sleep 0.5s
2026-02-28 13:49:45 [Runner] [skip] match_move Use8HoursPeaceShield
2026-02-28 13:49:45 [Runner] Finished function: TurnOnShield (aborted)
2026-02-28 13:50:00 Cron next run: HelpAlliance at 2026-02-28 13:52:00
2026-02-28 13:50:00 [Runner] Started function: HelpAlliance
2026-02-28 13:50:01 [Runner] match_click HelpAlliance → true (clicked)
2026-02-28 13:50:02 [Runner] Finished function: HelpAlliance
2026-02-28 13:50:02 [Runner] Started function: TurnOnShield
2026-02-28 13:50:03 [Runner] match_click HeadquartersButton → true (clicked)
2026-02-28 13:50:06 [Runner] match_click WorldButton → true (clicked)
2026-02-28 13:50:07 [Runner] sleep 0.5s → true
2026-02-28 13:50:07 [Runner] click_position (0.5, 0.5) → true
2026-02-28 13:50:08 [Runner] sleep 0.5s → true
2026-02-28 13:50:10 [Runner] match_click CityWallIcon → true (clicked)
2026-02-28 13:50:11 [Runner] sleep 0.5s → true
2026-02-28 13:50:12 [Runner] match_click PeaceShield → true (clicked)
2026-02-28 13:50:13 [Runner] sleep 0.5s → true
