2026-02-28 11:56:44 === Start ===
2026-02-28 11:56:44 [Env] Loaded from .env: PIN_PASSWORD
2026-02-28 11:56:44 WindowCapture: client size = 2400x1600, screen offset = (1130, 376)
2026-02-28 11:56:45 Vision scale: 1.0 (window 2400x1600)
2026-02-28 11:56:45 Global hotkey: {'l': 'PinLoggin', 't': 'ClickTreasure', 'c': 'CollectExplorationReward', 's': 'SoliderTrain', 'h': 'HelpAlliance', 'm': 'CheckMail', 'd': 'DonateAllianceTech'} | Press same key to stop | Ctrl+Esc = quit
2026-02-28 11:56:45 Function priorities: {'PinLoggin': 1, 'FightBoomer': 2, 'ClickTreasure': 4, 'CollectExplorationReward': 98, 'SoliderTrain': 99, 'HelpAlliance': 100, 'CheckMail': 50, 'DonateAllianceTech': 60}
2026-02-28 11:56:45 Function enabled: {'PinLoggin': True, 'FightBoomer': False, 'ClickTreasure': True, 'CollectExplorationReward': True, 'SoliderTrain': True, 'HelpAlliance': True, 'CheckMail': True, 'DonateAllianceTech': True}
2026-02-28 11:56:45 Auto cron: [('PinLoggin', '*/30 * * * *'), ('CollectExplorationReward', '0 */8 * * *'), ('SoliderTrain', '0 */6 * * *'), ('HelpAlliance', '*/2 * * * *'), ('CheckMail', '0 */5 * * *')]
2026-02-28 11:56:45 Cron next run: HelpAlliance at 2026-02-28 11:58:00
2026-02-28 11:56:45 Cron next run: PinLoggin at 2026-02-28 12:00:00
2026-02-28 11:56:45 Cron next run: SoliderTrain at 2026-02-28 12:00:00
2026-02-28 11:56:45 Cron next run: CheckMail at 2026-02-28 15:00:00
2026-02-28 11:56:45 Cron next run: CollectExplorationReward at 2026-02-28 16:00:00
2026-02-28 11:57:54 [AttackDetector] red_ratio=0.313 icon=True attacked=False clear_countdown=0.0s
2026-02-28 11:57:54 [Alert] House is being attacked! (red_ratio=0.313)
2026-02-28 11:57:59 [AttackDetector] red_ratio=0.226 icon=True attacked=True clear_countdown=2.8s
2026-02-28 11:58:00 Cron next run: HelpAlliance at 2026-02-28 12:00:00
2026-02-28 11:58:00 [Runner] Started function: HelpAlliance
2026-02-28 11:58:07 [Runner] match_click HelpAlliance → false (not found in 5s)
2026-02-28 11:58:08 [Runner] Finished function: HelpAlliance
2026-02-28 11:58:13 [Alert] Attack has ended. (red_ratio=0.216)
2026-02-28 11:58:55 [AttackDetector] red_ratio=0.258 icon=True attacked=False clear_countdown=0.0s
2026-02-28 11:58:55 [Alert] House is being attacked! (red_ratio=0.258)
2026-02-28 11:59:01 [AttackDetector] red_ratio=0.279 icon=True attacked=True clear_countdown=3.4s
2026-02-28 11:59:14 [Alert] Attack has ended. (red_ratio=0.218)
2026-02-28 11:59:17 === End ===
2026-02-28 11:59:17 Done.
